This file contains any messages produced by compilers while
running configure, to aid debugging if configure makes a mistake.

It was created by regex configure 2.7, which was
generated by GNU Autoconf 2.61.  Invocation command line was

  $ ../regex-2.7-src/configure --prefix=c:/progra~1/Regex --srcdir=../regex-2.7-src --enable-shared --disable-static

## --------- ##
## Platform. ##
## --------- ##

hostname = gamma
uname -m = i686
uname -r = 1.5.24(0.156/4/2)
uname -s = CYGWIN_NT-5.1
uname -v = 2007-01-31 10:57

/usr/bin/uname -p = unknown
/bin/uname -X     = unknown

/bin/arch              = i686
/usr/bin/arch -k       = i686
/usr/convex/getsysinfo = unknown
/usr/bin/hostinfo      = unknown
/bin/machine           = unknown
/usr/bin/oslevel       = unknown
/bin/universe          = unknown

PATH: /cygdrive/g/mingw/3.4.5/bin
PATH: /usr/bin
PATH: /usr/local/bin
PATH: /cygdrive/d/Util
PATH: /cygdrive/d/Program Files/GnuWin32/bin
PATH: /cygdrive/c/WINDOWS/system32
PATH: /cygdrive/c/WINDOWS
PATH: /cygdrive/c/WINDOWS/System32/Wbem
PATH: /cygdrive/g/TeX/TeXMf/miktex/bin


## ----------- ##
## Core tests. ##
## ----------- ##

configure:1830: loading site script j:/config.site
| # These two variables are required, otherwise looking for
| # programs along the PATH will not work.
| PATH_SEPARATOR=:
| PATH_EXPAND=y
| PWD=`pwd.sh`
| 
| # This is required in for "test -f foo" to find foo.exe
| export TEST_FINDS_EXE=y
| 
| # Install programs
| INSTALL=${INSTALL:='/bin/install.exe -cp'}
| INSTALL_DATA=${INSTALL_DATA:='/bin/install.exe -cp'}
| INSTALL_PROGRAM=${INSTALL_PROGRAM:='/bin/install.exe -cp'}
| 
| # Do not detect fork even if a stub is provided
| ac_cv_func_fork=no
| ac_cv_func_vfork=no
| 
| ac_cv_func_fchdir=no
| 
| # Detect socket functions 
| ac_cv_func_gethostbyname=${ac_cv_func_gethostbyname:=yes}
| ac_cv_func_inet_ntoa=${ac_cv_func_inet_ntoa:=yes}
| ac_cv_func_gethostbyaddr=${ac_cv_func_gethostbyaddr:=yes}
| ac_cv_func_gethostname=${ac_cv_func_gethostname:=yes}
| ac_cv_func_connect=${ac_cv_func_connect:=yes}
| 
| ac_cv_func_ftruncate=${ac_cv_func_ftruncate:=yes}
| #ac_cv_func_mkstemp=${ac_cv_func_mkstemp:=yes}
| ac_cv_var_tzname=${ac_cv_var_tzname:=yes}
| ac_cv_func_working_mktime=${ac_cv_func_working_mktime:=yes}
| 
| ac_cv_have_decl_optarg=${ac_cv_have_decl_optarg:=yes}
| ac_cv_have_decl_optind=${ac_cv_have_decl_optind:=yes}
| 
| ac_cv_sys_file_offset_bits=${ac_cv_sys_file_offset_bits:=64}
| ac_cv_sys_large_files=${ac_cv_sys_large_files:=1}
| ac_cv_sys_largefile_source=${ac_cv_sys_largefile_source:=1}
| enable_largefile=${enable_largefile:=yes}
| 
| gl_cv_func_getcwd_null=${gl_cv_func_getcwd_null:=yes}
| gl_cv_func_chown_follows_symlink=${gl_cv_func_chown_follows_symlink:=yes}
| 
| archive_cmds_need_lc=${archive_cmds_need_lc:=no}
| ac_cv_lib_c_main=${ac_cv_lib_c_main:=no}
| 
| # These are set here so the generated libtool will be good
| # for every installation, not only the one where the
| # package was configured.
| NM=${NM='nm'}
| LD=${LD='ld'}
| 
| # Force the test for 'ln -s' to report 'cp -fp'.
| ac_cv_prog_LN_S=${ac_cv_prog_LN_S:='cp -fp'}
| cl_cv_prog_LN=${cl_cv_prog_LN:='cp -fp'}
| cl_cv_prog_LN_S=${cl_cv_prog_LN_S:='cp -fp'}
| LN_S=${LN_S:='cp -fp'}
| LN=${LN:='cp -fp'}
| as_ln_s=${as_ln_s:='cp -fp'}
| 
| 
| ac_executable_extensions=${ac_executable_extensions:='.exe'}
| EXEEXT=${EXEEXT:='.exe'}
| EXE=${EXE:='.exe'}
| exeext=${exeext:='.exe'}
| 
| CC=${CC:=gcc}
| CXX=${CXX:=g++}
| #HOST_CC=gcc
| 
| if [ "$GLIBCINCDIR" != "" ]; then
| 	GLIBCINCL="-I$GLIBCINCDIR"
| fi
| GLIBCINCDIR=${GLIBCINCDIR=G:/WinX/include}
| #GLIBCINCDIR=
| GNUWIN32DIR=${GNUWIN32DIR=D:/Progra~1/GnuWin32}
| if [ "$GNUWIN32DIR" != "" ]; then
| 	GNUWIN32INCL=
| #	GNUWIN32INCL="-IJ:/LibC/0.6/libc-0.6-src/include"
| #	GNUWIN32INCL="-idirafter $GNUWIN32DIR/include"
| 	GNUWIN32INCL="-I$GNUWIN32DIR/include"
| #	GNUWIN32INCL=
| #	GNUWIN32LIBDIR="-LJ:/LibC/0.6/libc-0.6/.libs"
| 	GNUWIN32LIBDIR="-L$GNUWIN32DIR/lib"
| 	GNUWIN32LIBS=
| #	GNUWIN32LIBS=-lc
| #	GNUWIN32LIBS="-lgw32c"
| else
| 	enable_nls=no
| fi
| 
| #STDEFS=${STDEFS=-D__GW32__ -D_LARGEFILE_SOURCE=1 -D_LARGEFILE64_SOURCE=1 -D_FILE_OFFSET_BITS=64}
| STDEFS=
| # -D__GTHREAD_HIDE_WIN32API
| DEFS=${DEFS= $STDEFS $DEFSPLUS }
| DEFINES=${DEFINES= $DEFS $DEFINESPLUS }
| STINCLUDES=${STINCLUDES= $GNUWIN32INCL $GLIBCINCL }
| INCLUDES=${INCLUDES= $INCLUDESPLUS $STINCLUDES }
| STCFLAGS=${STCFLAGS=-Wall -Wpointer-arith -Wstrict-prototypes -pedantic -O3 \
| -fms-extensions -mms-bitfields -fno-exceptions -fomit-frame-pointer -march=i386 -ffast-math }
| CFLAGS=${CFLAGS= $STCFLAGS -Wstrict-prototypes $CFLAGSPLUS }
| # -fnative-struct 
| 
| CXXFLAGS=${CXXFLAGS= $STCFLAGS -fconserve-space -fno-rtti -D__STDC_LIMIT_MACROS $CXXFLAGSPLUS }
| CPPFLAGS=${CPPFLAGS= $DEFS $INCLUDES $CPPFLAGSPLUS }
| 
| STLDFLAGS=${STLDFLAGS=-Wl,-s -Wl,--force-exe-suffix -Wl,--enable-auto-import -Wl,--enable-runtime-pseudo-reloc -Wl,--allow-multiple-definition -Wl,--enable-stdcall-fixup $GNUWIN32LIBDIR }
| LDFLAGS=${LDFLAGS= $STLDFLAGS $LDFLAGSPLUS }
| STLIBS=${STLIBS=$GNUWIN32LIBDIR $GNUWIN32LIBS -lintl -lwsock32 -lole32 -luuid -lmsvcp60 }
| # -liberty -lintl 
| LIBS=${LIBS= -Wl,-s $LIBSPLUS $STLIBS }
| # 
| 
| host=${host:='i386-pc-mingw32'}
| build=${build:=$host}
| target=${target:=$host}
| host_alias=${host_alias:=$host}
| build_alias=${build_alias:=$build}
| target_alias=${target_alias:=$target}
| ac_cv_host=${ac_cv_host:=$host}
| ac_cv_build=${ac_cv_build:=$build}
| # The default values for transforming the program names cannot be the same
| # as the autoconf variables since these are set by configure before
| # config.site is read
| program_transform_name=${prog_transform_name:='s/i386-pc-mingw32//'}
| program_prefix=${prog_prefix:=''}
| program_suffix=${prog_suffix:=''}
| 
| # the following lines should ensure that NLS is used
| # by means of separate libintl instead of
| # the libintl provided with the package
| with_included_gettext=${with_included_gettext:=no}
| without_included_gettext=${without_included_gettext:=yes}
| enable_nls=${enable_nls:=yes}
| nls_cv_use_gnu_gettext=${nls_cv_use_gnu_gettext:=no}
| USE_NLS=${USE_NLS:=yes}
| INTLDEPS=${INTLDEPS:=' '}
| INTLOBJS=${INTLOBJS:=' '}
| LIBINTL=${LIBINTL:=' -lintl '}
| LTLIBINTL=${LTLIBINTL:=' -lintl '}
| BUILD_INCLUDED_LIBINTL=${BUILD_INCLUDED_LIBINTL:=no}
| USE_INCLUDED_LIBINTL=${USE_INCLUDED_LIBINTL:=no}
| 
| test "$prefix" = NONE && prefix=$PACKAGE_TARNAME
| prefix=${prefix:=c:/progra~1/GnuWin32}
configure:1984: checking for a BSD-compatible install
configure:2040: result: /bin/install.exe -cp
configure:2051: checking whether build environment is sane
configure:2094: result: yes
configure:2122: checking for a thread-safe mkdir -p
configure:2161: result: /usr/bin/mkdir -p
configure:2174: checking for gawk
configure:2190: found /usr/bin/gawk
configure:2201: result: gawk
configure:2212: checking whether make sets $(MAKE)
configure:2233: result: yes
configure:2471: checking for gcc
configure:2498: result: gcc
configure:2736: checking for C compiler version
configure:2743: gcc --version >&5
gcc.exe (GCC) 3.4.5 (mingw special)
Copyright (C) 2004 Free Software Foundation, Inc.
This is free software; see the source for copying conditions.  There is NO
warranty; not even for MERCHANTABILITY or FITNESS FOR A PARTICULAR PURPOSE.

configure:2746: $? = 0
configure:2753: gcc -v >&5
Reading specs from g:/mingw/3.4.5/bin/../lib/gcc/mingw32/3.4.5/specs
Configured with: ../gcc-3.4.5/configure --with-gcc --with-gnu-ld --with-gnu-as --host=mingw32 --target=mingw32 --prefix=/mingw --enable-threads --disable-nls --enable-languages=c,c++,f77,ada,objc,java --disable-win32-registry --disable-shared --enable-sjlj-exceptions --enable-libgcj --disable-java-awt --without-x --enable-java-gc=boehm --disable-libgcj-debug --enable-interpreter --enable-hash-synchronization --enable-libstdcxx-debug
Thread model: win32
gcc version 3.4.5 (mingw special)
configure:2756: $? = 0
configure:2763: gcc -V >&5
gcc.exe: `-V' option must have argument
configure:2766: $? = 1
configure:2789: checking for C compiler default output file name
configure:2816: gcc  -Wall -Wpointer-arith -Wstrict-prototypes -pedantic -O3 -fms-extensions -mms-bitfields -fno-exceptions -fomit-frame-pointer -march=i386 -ffast-math  -Wstrict-prototypes      -D_REGEX_RE_COMP         -Wl,-s -Wl,--force-exe-suffix -Wl,--enable-auto-import -Wl,--enable-runtime-pseudo-reloc -Wl,--allow-multiple-definition -Wl,--enable-stdcall-fixup -LD:/Progra~1/GnuWin32/lib    conftest.c  -Wl,-s  -LD:/Progra~1/GnuWin32/lib  -lintl -lwsock32 -lole32 -luuid -lmsvcp60   >&5
conftest.c:13: warning: function declaration isn't a prototype
configure:2819: $? = 0
configure:2857: result: a.exe
configure:2874: checking whether the C compiler works
configure:2884: ./a.exe
configure:2887: $? = 0
configure:2904: result: yes
configure:2911: checking whether we are cross compiling
configure:2913: result: no
configure:2916: checking for suffix of executables
configure:2923: gcc -o conftest.exe  -Wall -Wpointer-arith -Wstrict-prototypes -pedantic -O3 -fms-extensions -mms-bitfields -fno-exceptions -fomit-frame-pointer -march=i386 -ffast-math  -Wstrict-prototypes      -D_REGEX_RE_COMP         -Wl,-s -Wl,--force-exe-suffix -Wl,--enable-auto-import -Wl,--enable-runtime-pseudo-reloc -Wl,--allow-multiple-definition -Wl,--enable-stdcall-fixup -LD:/Progra~1/GnuWin32/lib    conftest.c  -Wl,-s  -LD:/Progra~1/GnuWin32/lib  -lintl -lwsock32 -lole32 -luuid -lmsvcp60   >&5
conftest.c:13: warning: function declaration isn't a prototype
configure:2926: $? = 0
configure:2950: result: .exe
configure:2956: checking for suffix of object files
configure:2982: gcc -c  -Wall -Wpointer-arith -Wstrict-prototypes -pedantic -O3 -fms-extensions -mms-bitfields -fno-exceptions -fomit-frame-pointer -march=i386 -ffast-math  -Wstrict-prototypes      -D_REGEX_RE_COMP        conftest.c >&5
conftest.c:13: warning: function declaration isn't a prototype
configure:2985: $? = 0
configure:3008: result: o
configure:3012: checking whether we are using the GNU C compiler
configure:3041: gcc -c  -Wall -Wpointer-arith -Wstrict-prototypes -pedantic -O3 -fms-extensions -mms-bitfields -fno-exceptions -fomit-frame-pointer -march=i386 -ffast-math  -Wstrict-prototypes      -D_REGEX_RE_COMP        conftest.c >&5
conftest.c:13: warning: function declaration isn't a prototype
configure:3047: $? = 0
configure:3064: result: yes
configure:3069: checking whether gcc accepts -g
configure:3099: gcc -c -g    -D_REGEX_RE_COMP        conftest.c >&5
configure:3105: $? = 0
configure:3204: result: yes
configure:3221: checking for gcc option to accept ISO C89
configure:3295: gcc  -c  -Wall -Wpointer-arith -Wstrict-prototypes -pedantic -O3 -fms-extensions -mms-bitfields -fno-exceptions -fomit-frame-pointer -march=i386 -ffast-math  -Wstrict-prototypes      -D_REGEX_RE_COMP        conftest.c >&5
conftest.c:18: warning: function declaration isn't a prototype
conftest.c:55: warning: function declaration isn't a prototype
configure:3301: $? = 0
configure:3324: result: none needed
configure:3353: checking for style of include used by make
configure:3381: result: GNU
configure:3406: checking dependency style of gcc
configure:3497: result: gcc3
configure:3590: checking build system type
configure:3608: result: i386-pc-mingw32
configure:3630: checking host system type
configure:3645: result: i386-pc-mingw32
configure:3667: checking for a sed that does not truncate output
configure:3723: result: /usr/bin/sed
configure:3726: checking for grep that handles long lines and -e
configure:3800: result: /usr/bin/grep
configure:3805: checking for egrep
configure:3883: result: /usr/bin/grep -E
configure:3899: checking for ld used by gcc
configure:3966: result: ld
configure:3975: checking if the linker (ld) is GNU ld
configure:3990: result: yes
configure:3995: checking for ld option to reload object files
configure:4002: result: -r
configure:4020: checking for BSD-compatible nm
configure:4069: result: nm
configure:4073: checking whether ln -s works
configure:4077: result: yes
configure:4084: checking how to recognize dependent libraries
configure:4270: result: file_magic ^x86 archive import|^x86 DLL
configure:4511: checking how to run the C preprocessor
configure:4551: gcc -E    -D_REGEX_RE_COMP        conftest.c
configure:4557: $? = 0
configure:4588: gcc -E    -D_REGEX_RE_COMP        conftest.c
conftest.c:10:28: ac_nonexistent.h: No such file or directory
configure:4594: $? = 1
configure: failed program was:
| /* confdefs.h.  */
| #define PACKAGE_NAME "regex"
| #define PACKAGE_TARNAME "regex"
| #define PACKAGE_VERSION "2.7"
| #define PACKAGE_STRING "regex 2.7"
| #define PACKAGE_BUGREPORT "gnuwin32@users.sourceforge.net"
| #define PACKAGE "regex"
| #define VERSION "2.7"
| /* end confdefs.h.  */
| #include <ac_nonexistent.h>
configure:4627: result: gcc -E
configure:4656: gcc -E    -D_REGEX_RE_COMP        conftest.c
configure:4662: $? = 0
configure:4693: gcc -E    -D_REGEX_RE_COMP        conftest.c
conftest.c:10:28: ac_nonexistent.h: No such file or directory
configure:4699: $? = 1
configure: failed program was:
| /* confdefs.h.  */
| #define PACKAGE_NAME "regex"
| #define PACKAGE_TARNAME "regex"
| #define PACKAGE_VERSION "2.7"
| #define PACKAGE_STRING "regex 2.7"
| #define PACKAGE_BUGREPORT "gnuwin32@users.sourceforge.net"
| #define PACKAGE "regex"
| #define VERSION "2.7"
| /* end confdefs.h.  */
| #include <ac_nonexistent.h>
configure:4737: checking for ANSI C header files
configure:4767: gcc -c  -Wall -Wpointer-arith -Wstrict-prototypes -pedantic -O3 -fms-extensions -mms-bitfields -fno-exceptions -fomit-frame-pointer -march=i386 -ffast-math  -Wstrict-prototypes      -D_REGEX_RE_COMP        conftest.c >&5
conftest.c:17: warning: function declaration isn't a prototype
configure:4773: $? = 0
configure:4872: gcc -o conftest.exe  -Wall -Wpointer-arith -Wstrict-prototypes -pedantic -O3 -fms-extensions -mms-bitfields -fno-exceptions -fomit-frame-pointer -march=i386 -ffast-math  -Wstrict-prototypes      -D_REGEX_RE_COMP         -Wl,-s -Wl,--force-exe-suffix -Wl,--enable-auto-import -Wl,--enable-runtime-pseudo-reloc -Wl,--allow-multiple-definition -Wl,--enable-stdcall-fixup -LD:/Progra~1/GnuWin32/lib    conftest.c  -Wl,-s  -LD:/Progra~1/GnuWin32/lib  -lintl -lwsock32 -lole32 -luuid -lmsvcp60   >&5
conftest.c:23: warning: function declaration isn't a prototype
configure:4875: $? = 0
configure:4881: ./conftest.exe
configure:4884: $? = 0
configure:4901: result: yes
configure:4925: checking for sys/types.h
configure:4946: gcc -c  -Wall -Wpointer-arith -Wstrict-prototypes -pedantic -O3 -fms-extensions -mms-bitfields -fno-exceptions -fomit-frame-pointer -march=i386 -ffast-math  -Wstrict-prototypes      -D_REGEX_RE_COMP        conftest.c >&5
configure:4952: $? = 0
configure:4968: result: yes
configure:4925: checking for sys/stat.h
configure:4946: gcc -c  -Wall -Wpointer-arith -Wstrict-prototypes -pedantic -O3 -fms-extensions -mms-bitfields -fno-exceptions -fomit-frame-pointer -march=i386 -ffast-math  -Wstrict-prototypes      -D_REGEX_RE_COMP        conftest.c >&5
configure:4952: $? = 0
configure:4968: result: yes
configure:4925: checking for stdlib.h
configure:4946: gcc -c  -Wall -Wpointer-arith -Wstrict-prototypes -pedantic -O3 -fms-extensions -mms-bitfields -fno-exceptions -fomit-frame-pointer -march=i386 -ffast-math  -Wstrict-prototypes      -D_REGEX_RE_COMP        conftest.c >&5
configure:4952: $? = 0
configure:4968: result: yes
configure:4925: checking for string.h
configure:4946: gcc -c  -Wall -Wpointer-arith -Wstrict-prototypes -pedantic -O3 -fms-extensions -mms-bitfields -fno-exceptions -fomit-frame-pointer -march=i386 -ffast-math  -Wstrict-prototypes      -D_REGEX_RE_COMP        conftest.c >&5
configure:4952: $? = 0
configure:4968: result: yes
configure:4925: checking for memory.h
configure:4946: gcc -c  -Wall -Wpointer-arith -Wstrict-prototypes -pedantic -O3 -fms-extensions -mms-bitfields -fno-exceptions -fomit-frame-pointer -march=i386 -ffast-math  -Wstrict-prototypes      -D_REGEX_RE_COMP        conftest.c >&5
configure:4952: $? = 0
configure:4968: result: yes
configure:4925: checking for strings.h
configure:4946: gcc -c  -Wall -Wpointer-arith -Wstrict-prototypes -pedantic -O3 -fms-extensions -mms-bitfields -fno-exceptions -fomit-frame-pointer -march=i386 -ffast-math  -Wstrict-prototypes      -D_REGEX_RE_COMP        conftest.c >&5
configure:4952: $? = 0
configure:4968: result: yes
configure:4925: checking for inttypes.h
configure:4946: gcc -c  -Wall -Wpointer-arith -Wstrict-prototypes -pedantic -O3 -fms-extensions -mms-bitfields -fno-exceptions -fomit-frame-pointer -march=i386 -ffast-math  -Wstrict-prototypes      -D_REGEX_RE_COMP        conftest.c >&5
configure:4952: $? = 0
configure:4968: result: yes
configure:4925: checking for stdint.h
configure:4946: gcc -c  -Wall -Wpointer-arith -Wstrict-prototypes -pedantic -O3 -fms-extensions -mms-bitfields -fno-exceptions -fomit-frame-pointer -march=i386 -ffast-math  -Wstrict-prototypes      -D_REGEX_RE_COMP        conftest.c >&5
configure:4952: $? = 0
configure:4968: result: yes
configure:4925: checking for unistd.h
configure:4946: gcc -c  -Wall -Wpointer-arith -Wstrict-prototypes -pedantic -O3 -fms-extensions -mms-bitfields -fno-exceptions -fomit-frame-pointer -march=i386 -ffast-math  -Wstrict-prototypes      -D_REGEX_RE_COMP        conftest.c >&5
configure:4952: $? = 0
configure:4968: result: yes
configure:4995: checking dlfcn.h usability
configure:5012: gcc -c  -Wall -Wpointer-arith -Wstrict-prototypes -pedantic -O3 -fms-extensions -mms-bitfields -fno-exceptions -fomit-frame-pointer -march=i386 -ffast-math  -Wstrict-prototypes      -D_REGEX_RE_COMP        conftest.c >&5
conftest.c:53:19: dlfcn.h: No such file or directory
configure:5018: $? = 1
configure: failed program was:
| /* confdefs.h.  */
| #define PACKAGE_NAME "regex"
| #define PACKAGE_TARNAME "regex"
| #define PACKAGE_VERSION "2.7"
| #define PACKAGE_STRING "regex 2.7"
| #define PACKAGE_BUGREPORT "gnuwin32@users.sourceforge.net"
| #define PACKAGE "regex"
| #define VERSION "2.7"
| #define STDC_HEADERS 1
| #define HAVE_SYS_TYPES_H 1
| #define HAVE_SYS_STAT_H 1
| #define HAVE_STDLIB_H 1
| #define HAVE_STRING_H 1
| #define HAVE_MEMORY_H 1
| #define HAVE_STRINGS_H 1
| #define HAVE_INTTYPES_H 1
| #define HAVE_STDINT_H 1
| #define HAVE_UNISTD_H 1
| /* end confdefs.h.  */
| #include <stdio.h>
| #ifdef HAVE_SYS_TYPES_H
| # include <sys/types.h>
| #endif
| #ifdef HAVE_SYS_STAT_H
| # include <sys/stat.h>
| #endif
| #ifdef STDC_HEADERS
| # include <stdlib.h>
| # include <stddef.h>
| #else
| # ifdef HAVE_STDLIB_H
| #  include <stdlib.h>
| # endif
| #endif
| #ifdef HAVE_STRING_H
| # if !defined STDC_HEADERS && defined HAVE_MEMORY_H
| #  include <memory.h>
| # endif
| # include <string.h>
| #endif
| #ifdef HAVE_STRINGS_H
| # include <strings.h>
| #endif
| #ifdef HAVE_INTTYPES_H
| # include <inttypes.h>
| #endif
| #ifdef HAVE_STDINT_H
| # include <stdint.h>
| #endif
| #ifdef HAVE_UNISTD_H
| # include <unistd.h>
| #endif
| #include <dlfcn.h>
configure:5032: result: no
configure:5036: checking dlfcn.h presence
configure:5051: gcc -E    -D_REGEX_RE_COMP        conftest.c
conftest.c:20:19: dlfcn.h: No such file or directory
configure:5057: $? = 1
configure: failed program was:
| /* confdefs.h.  */
| #define PACKAGE_NAME "regex"
| #define PACKAGE_TARNAME "regex"
| #define PACKAGE_VERSION "2.7"
| #define PACKAGE_STRING "regex 2.7"
| #define PACKAGE_BUGREPORT "gnuwin32@users.sourceforge.net"
| #define PACKAGE "regex"
| #define VERSION "2.7"
| #define STDC_HEADERS 1
| #define HAVE_SYS_TYPES_H 1
| #define HAVE_SYS_STAT_H 1
| #define HAVE_STDLIB_H 1
| #define HAVE_STRING_H 1
| #define HAVE_MEMORY_H 1
| #define HAVE_STRINGS_H 1
| #define HAVE_INTTYPES_H 1
| #define HAVE_STDINT_H 1
| #define HAVE_UNISTD_H 1
| /* end confdefs.h.  */
| #include <dlfcn.h>
configure:5071: result: no
configure:5104: checking for dlfcn.h
configure:5112: result: no
configure:5241: checking for C++ compiler version
configure:5248: g++ --version >&5
g++.exe (GCC) 3.4.5 (mingw special)
Copyright (C) 2004 Free Software Foundation, Inc.
This is free software; see the source for copying conditions.  There is NO
warranty; not even for MERCHANTABILITY or FITNESS FOR A PARTICULAR PURPOSE.

configure:5251: $? = 0
configure:5258: g++ -v >&5
Reading specs from g:/mingw/3.4.5/bin/../lib/gcc/mingw32/3.4.5/specs
Configured with: ../gcc-3.4.5/configure --with-gcc --with-gnu-ld --with-gnu-as --host=mingw32 --target=mingw32 --prefix=/mingw --enable-threads --disable-nls --enable-languages=c,c++,f77,ada,objc,java --disable-win32-registry --disable-shared --enable-sjlj-exceptions --enable-libgcj --disable-java-awt --without-x --enable-java-gc=boehm --disable-libgcj-debug --enable-interpreter --enable-hash-synchronization --enable-libstdcxx-debug
Thread model: win32
gcc version 3.4.5 (mingw special)
configure:5261: $? = 0
configure:5268: g++ -V >&5
g++.exe: `-V' option must have argument
configure:5271: $? = 1
configure:5274: checking whether we are using the GNU C++ compiler
configure:5303: g++ -c  -Wall -Wpointer-arith -Wstrict-prototypes -pedantic -O3 -fms-extensions -mms-bitfields -fno-exceptions -fomit-frame-pointer -march=i386 -ffast-math  -fconserve-space -fno-rtti -D__STDC_LIMIT_MACROS      -D_REGEX_RE_COMP        conftest.cpp >&5
cc1plus.exe: warning: command line option "-Wstrict-prototypes" is valid for Ada/C/ObjC but not for C++
configure:5309: $? = 0
configure:5326: result: yes
configure:5331: checking whether g++ accepts -g
configure:5361: g++ -c -g    -D_REGEX_RE_COMP        conftest.cpp >&5
configure:5367: $? = 0
configure:5466: result: yes
configure:5491: checking dependency style of g++
configure:5582: result: gcc3
configure:5607: checking how to run the C++ preprocessor
configure:5643: g++ -E    -D_REGEX_RE_COMP        conftest.cpp
configure:5649: $? = 0
configure:5680: g++ -E    -D_REGEX_RE_COMP        conftest.cpp
conftest.cpp:20:28: ac_nonexistent.h: No such file or directory
configure:5686: $? = 1
configure: failed program was:
| /* confdefs.h.  */
| #define PACKAGE_NAME "regex"
| #define PACKAGE_TARNAME "regex"
| #define PACKAGE_VERSION "2.7"
| #define PACKAGE_STRING "regex 2.7"
| #define PACKAGE_BUGREPORT "gnuwin32@users.sourceforge.net"
| #define PACKAGE "regex"
| #define VERSION "2.7"
| #define STDC_HEADERS 1
| #define HAVE_SYS_TYPES_H 1
| #define HAVE_SYS_STAT_H 1
| #define HAVE_STDLIB_H 1
| #define HAVE_STRING_H 1
| #define HAVE_MEMORY_H 1
| #define HAVE_STRINGS_H 1
| #define HAVE_INTTYPES_H 1
| #define HAVE_STDINT_H 1
| #define HAVE_UNISTD_H 1
| /* end confdefs.h.  */
| #include <ac_nonexistent.h>
configure:5719: result: g++ -E
configure:5748: g++ -E    -D_REGEX_RE_COMP        conftest.cpp
configure:5754: $? = 0
configure:5785: g++ -E    -D_REGEX_RE_COMP        conftest.cpp
conftest.cpp:20:28: ac_nonexistent.h: No such file or directory
configure:5791: $? = 1
configure: failed program was:
| /* confdefs.h.  */
| #define PACKAGE_NAME "regex"
| #define PACKAGE_TARNAME "regex"
| #define PACKAGE_VERSION "2.7"
| #define PACKAGE_STRING "regex 2.7"
| #define PACKAGE_BUGREPORT "gnuwin32@users.sourceforge.net"
| #define PACKAGE "regex"
| #define VERSION "2.7"
| #define STDC_HEADERS 1
| #define HAVE_SYS_TYPES_H 1
| #define HAVE_SYS_STAT_H 1
| #define HAVE_STDLIB_H 1
| #define HAVE_STRING_H 1
| #define HAVE_MEMORY_H 1
| #define HAVE_STRINGS_H 1
| #define HAVE_INTTYPES_H 1
| #define HAVE_STDINT_H 1
| #define HAVE_UNISTD_H 1
| /* end confdefs.h.  */
| #include <ac_nonexistent.h>
configure:5884: checking for g77
configure:5900: found /cygdrive/g/mingw/3.4.5/bin/g77
configure:5911: result: g77
configure:5941: checking for Fortran 77 compiler version
configure:5948: g77 --version >&5
GNU Fortran (GCC) 3.4.5 (mingw special)
Copyright (C) 2004 Free Software Foundation, Inc.

GNU Fortran comes with NO WARRANTY, to the extent permitted by law.
You may redistribute copies of GNU Fortran
under the terms of the GNU General Public License.
For more information about these matters, see the file named COPYING
or type the command `info -f g77 Copying'.
configure:5951: $? = 0
configure:5958: g77 -v >&5
Reading specs from g:/mingw/3.4.5/bin/../lib/gcc/mingw32/3.4.5/specs
Configured with: ../gcc-3.4.5/configure --with-gcc --with-gnu-ld --with-gnu-as --host=mingw32 --target=mingw32 --prefix=/mingw --enable-threads --disable-nls --enable-languages=c,c++,f77,ada,objc,java --disable-win32-registry --disable-shared --enable-sjlj-exceptions --enable-libgcj --disable-java-awt --without-x --enable-java-gc=boehm --disable-libgcj-debug --enable-interpreter --enable-hash-synchronization --enable-libstdcxx-debug
Thread model: win32
gcc version 3.4.5 (mingw special)
configure:5961: $? = 0
configure:5968: g77 -V >&5
g77.exe: `-V' option must have argument
configure:5971: $? = 1
configure:5979: checking whether we are using the GNU Fortran 77 compiler
configure:5998: g77 -c  conftest.F >&5
configure:6004: $? = 0
configure:6021: result: yes
configure:6027: checking whether g77 accepts -g
configure:6044: g77 -c -g conftest.f >&5
configure:6050: $? = 0
configure:6066: result: yes
configure:6096: checking the maximum length of command line arguments
configure:6205: result: 8192
configure:6216: checking command to parse nm output from gcc object
configure:6321: gcc -c  -Wall -Wpointer-arith -Wstrict-prototypes -pedantic -O3 -fms-extensions -mms-bitfields -fno-exceptions -fomit-frame-pointer -march=i386 -ffast-math  -Wstrict-prototypes      -D_REGEX_RE_COMP        conftest.c >&5
conftest.c:5: warning: function declaration isn't a prototype
conftest.c:9: warning: function declaration isn't a prototype
configure:6324: $? = 0
configure:6328: nm conftest.o \| sed -n -e 's/^.*[ 	]\([ABCDGIRSTW][ABCDGIRSTW]*\)[ 	][ 	]*\([_A-Za-z][_A-Za-z0-9]*\)\{0,1\}$/\1 \2 \2/p' \> conftest.nm
configure:6331: $? = 0
cannot find nm_test_var in conftest.nm
configure:6321: gcc -c  -Wall -Wpointer-arith -Wstrict-prototypes -pedantic -O3 -fms-extensions -mms-bitfields -fno-exceptions -fomit-frame-pointer -march=i386 -ffast-math  -Wstrict-prototypes      -D_REGEX_RE_COMP        conftest.c >&5
conftest.c:5: warning: function declaration isn't a prototype
conftest.c:9: warning: function declaration isn't a prototype
configure:6324: $? = 0
configure:6328: nm conftest.o \| sed -n -e 's/^.*[ 	]\([ABCDGIRSTW][ABCDGIRSTW]*\)[ 	][ 	]*_\([_A-Za-z][_A-Za-z0-9]*\)\{0,1\}$/\1 _\2 \2/p' \> conftest.nm
configure:6331: $? = 0
configure:6383: gcc -o conftest.exe  -Wall -Wpointer-arith -Wstrict-prototypes -pedantic -O3 -fms-extensions -mms-bitfields -fno-exceptions -fomit-frame-pointer -march=i386 -ffast-math  -Wstrict-prototypes      -D_REGEX_RE_COMP         -Wl,-s -Wl,--force-exe-suffix -Wl,--enable-auto-import -Wl,--enable-runtime-pseudo-reloc -Wl,--allow-multiple-definition -Wl,--enable-stdcall-fixup -LD:/Progra~1/GnuWin32/lib    conftest.c conftstm.o >&5
configure:6386: $? = 0
configure:6424: result: ok
configure:6428: checking for objdir
configure:6443: result: .libs
configure:6535: checking for ar
configure:6551: found /cygdrive/g/mingw/3.4.5/bin/ar
configure:6562: result: ar
configure:6631: checking for ranlib
configure:6647: found /cygdrive/g/mingw/3.4.5/bin/ranlib
configure:6658: result: ranlib
configure:6727: checking for strip
configure:6743: found /cygdrive/g/mingw/3.4.5/bin/strip
configure:6754: result: strip
configure:7040: checking if gcc supports -fno-rtti -fno-exceptions
configure:7058: gcc -c  -Wall -Wpointer-arith -Wstrict-prototypes -pedantic -O3 -fms-extensions -mms-bitfields -fno-exceptions -fomit-frame-pointer -march=i386 -ffast-math  -Wstrict-prototypes      -D_REGEX_RE_COMP        -fno-rtti -fno-exceptions conftest.c >&5
cc1.exe: warning: command line option "-fno-rtti" is valid for C++/ObjC++ but not for C
configure:7062: $? = 0
configure:7075: result: no
configure:7090: checking for gcc option to produce PIC
configure:7322: result: -DDLL_EXPORT
configure:7330: checking if gcc PIC flag -DDLL_EXPORT works
configure:7348: gcc -c  -Wall -Wpointer-arith -Wstrict-prototypes -pedantic -O3 -fms-extensions -mms-bitfields -fno-exceptions -fomit-frame-pointer -march=i386 -ffast-math  -Wstrict-prototypes      -D_REGEX_RE_COMP        -DDLL_EXPORT -DPIC conftest.c >&5
configure:7352: $? = 0
configure:7365: result: yes
configure:7393: checking if gcc static flag -static works
configure:7421: result: no
configure:7431: checking if gcc supports -c -o file.o
configure:7452: gcc -c  -Wall -Wpointer-arith -Wstrict-prototypes -pedantic -O3 -fms-extensions -mms-bitfields -fno-exceptions -fomit-frame-pointer -march=i386 -ffast-math  -Wstrict-prototypes      -D_REGEX_RE_COMP        -o out/conftest2.o conftest.c >&5
configure:7456: $? = 0
configure:7478: result: yes
configure:7504: checking whether the gcc linker (ld) supports shared libraries
configure:8480: result: yes
configure:8547: checking dynamic linker characteristics
configure:9115: result: Win32 ld.exe
configure:9124: checking how to hardcode library paths into programs
configure:9149: result: immediate
configure:9163: checking whether stripping libraries is possible
configure:9168: result: yes
configure:9969: checking if libtool supports shared libraries
configure:9971: result: yes
configure:9974: checking whether to build shared libraries
configure:9995: result: yes
configure:9998: checking whether to build static libraries
configure:10002: result: no
configure:10094: creating libtool
configure:10682: checking for ld used by g++
configure:10749: result: ld
configure:10758: checking if the linker (ld) is GNU ld
configure:10773: result: yes
configure:10824: checking whether the g++ linker (ld) supports shared libraries
configure:11794: result: yes
configure:11812: g++ -c  -Wall -Wpointer-arith -Wstrict-prototypes -pedantic -O3 -fms-extensions -mms-bitfields -fno-exceptions -fomit-frame-pointer -march=i386 -ffast-math  -fconserve-space -fno-rtti -D__STDC_LIMIT_MACROS      -D_REGEX_RE_COMP        conftest.cpp >&5
cc1plus.exe: warning: command line option "-Wstrict-prototypes" is valid for Ada/C/ObjC but not for C++
configure:11815: $? = 0
configure:11967: checking for g++ option to produce PIC
configure:12251: result: -DDLL_EXPORT
configure:12259: checking if g++ PIC flag -DDLL_EXPORT works
configure:12277: g++ -c  -Wall -Wpointer-arith -Wstrict-prototypes -pedantic -O3 -fms-extensions -mms-bitfields -fno-exceptions -fomit-frame-pointer -march=i386 -ffast-math  -fconserve-space -fno-rtti -D__STDC_LIMIT_MACROS      -D_REGEX_RE_COMP        -DDLL_EXPORT -DPIC conftest.cpp >&5
cc1plus.exe: warning: command line option "-Wstrict-prototypes" is valid for Ada/C/ObjC but not for C++
configure:12281: $? = 0
configure:12294: result: yes
configure:12322: checking if g++ static flag -static works
configure:12350: result: no
configure:12360: checking if g++ supports -c -o file.o
configure:12381: g++ -c  -Wall -Wpointer-arith -Wstrict-prototypes -pedantic -O3 -fms-extensions -mms-bitfields -fno-exceptions -fomit-frame-pointer -march=i386 -ffast-math  -fconserve-space -fno-rtti -D__STDC_LIMIT_MACROS      -D_REGEX_RE_COMP        -o out/conftest2.o conftest.cpp >&5
cc1plus.exe: warning: command line option "-Wstrict-prototypes" is valid for Ada/C/ObjC but not for C++
configure:12385: $? = 0
configure:12407: result: yes
configure:12433: checking whether the g++ linker (ld) supports shared libraries
configure:12458: result: yes
configure:12525: checking dynamic linker characteristics
configure:13093: result: Win32 ld.exe
configure:13102: checking how to hardcode library paths into programs
configure:13127: result: immediate
configure:13660: checking if libtool supports shared libraries
configure:13662: result: yes
configure:13665: checking whether to build shared libraries
configure:13685: result: yes
configure:13688: checking whether to build static libraries
configure:13692: result: no
configure:13702: checking for g77 option to produce PIC
configure:13934: result: -DDLL_EXPORT
configure:13942: checking if g77 PIC flag -DDLL_EXPORT works
configure:13960: g77 -c -g -O2 -DDLL_EXPORT conftest.f >&5
configure:13964: $? = 0
configure:13977: result: yes
configure:14005: checking if g77 static flag -static works
configure:14033: result: no
configure:14043: checking if g77 supports -c -o file.o
configure:14064: g77 -c -g -O2 -o out/conftest2.o conftest.f >&5
configure:14068: $? = 0
configure:14090: result: yes
configure:14116: checking whether the g77 linker (ld) supports shared libraries
configure:15072: result: yes
configure:15139: checking dynamic linker characteristics
configure:15707: result: Win32 ld.exe
configure:15716: checking how to hardcode library paths into programs
configure:15741: result: immediate
configure:19328: checking for working alloca.h
configure:19355: gcc -o conftest.exe  -Wall -Wpointer-arith -Wstrict-prototypes -pedantic -O3 -fms-extensions -mms-bitfields -fno-exceptions -fomit-frame-pointer -march=i386 -ffast-math  -Wstrict-prototypes      -D_REGEX_RE_COMP         -Wl,-s -Wl,--force-exe-suffix -Wl,--enable-auto-import -Wl,--enable-runtime-pseudo-reloc -Wl,--allow-multiple-definition -Wl,--enable-stdcall-fixup -LD:/Progra~1/GnuWin32/lib    conftest.c  -Wl,-s  -LD:/Progra~1/GnuWin32/lib  -lintl -lwsock32 -lole32 -luuid -lmsvcp60   >&5
conftest.c:20:20: alloca.h: No such file or directory
conftest.c:23: warning: function declaration isn't a prototype
conftest.c: In function `main':
conftest.c:24: warning: implicit declaration of function `alloca'
configure:19361: $? = 1
configure: failed program was:
| /* confdefs.h.  */
| #define PACKAGE_NAME "regex"
| #define PACKAGE_TARNAME "regex"
| #define PACKAGE_VERSION "2.7"
| #define PACKAGE_STRING "regex 2.7"
| #define PACKAGE_BUGREPORT "gnuwin32@users.sourceforge.net"
| #define PACKAGE "regex"
| #define VERSION "2.7"
| #define STDC_HEADERS 1
| #define HAVE_SYS_TYPES_H 1
| #define HAVE_SYS_STAT_H 1
| #define HAVE_STDLIB_H 1
| #define HAVE_STRING_H 1
| #define HAVE_MEMORY_H 1
| #define HAVE_STRINGS_H 1
| #define HAVE_INTTYPES_H 1
| #define HAVE_STDINT_H 1
| #define HAVE_UNISTD_H 1
| /* end confdefs.h.  */
| #include <alloca.h>
| int
| main ()
| {
| char *p = (char *) alloca (2 * sizeof (int));
| 			  if (p) return 0;
|   ;
|   return 0;
| }
configure:19378: result: no
configure:19388: checking for alloca
configure:19435: gcc -o conftest.exe  -Wall -Wpointer-arith -Wstrict-prototypes -pedantic -O3 -fms-extensions -mms-bitfields -fno-exceptions -fomit-frame-pointer -march=i386 -ffast-math  -Wstrict-prototypes      -D_REGEX_RE_COMP         -Wl,-s -Wl,--force-exe-suffix -Wl,--enable-auto-import -Wl,--enable-runtime-pseudo-reloc -Wl,--allow-multiple-definition -Wl,--enable-stdcall-fixup -LD:/Progra~1/GnuWin32/lib    conftest.c  -Wl,-s  -LD:/Progra~1/GnuWin32/lib  -lintl -lwsock32 -lole32 -luuid -lmsvcp60   >&5
conftest.c:43: warning: function declaration isn't a prototype
configure:19441: $? = 0
configure:19458: result: yes
configure:19685: checking for ANSI C header files
configure:19849: result: yes
configure:19884: checking fcntl.h usability
configure:19901: gcc -c  -Wall -Wpointer-arith -Wstrict-prototypes -pedantic -O3 -fms-extensions -mms-bitfields -fno-exceptions -fomit-frame-pointer -march=i386 -ffast-math  -Wstrict-prototypes      -D_REGEX_RE_COMP        conftest.c >&5
configure:19907: $? = 0
configure:19921: result: yes
configure:19925: checking fcntl.h presence
configure:19940: gcc -E    -D_REGEX_RE_COMP        conftest.c
configure:19946: $? = 0
configure:19960: result: yes
configure:19993: checking for fcntl.h
configure:20001: result: yes
configure:19884: checking langinfo.h usability
configure:19901: gcc -c  -Wall -Wpointer-arith -Wstrict-prototypes -pedantic -O3 -fms-extensions -mms-bitfields -fno-exceptions -fomit-frame-pointer -march=i386 -ffast-math  -Wstrict-prototypes      -D_REGEX_RE_COMP        conftest.c >&5
conftest.c:56:22: langinfo.h: No such file or directory
configure:19907: $? = 1
configure: failed program was:
| /* confdefs.h.  */
| #define PACKAGE_NAME "regex"
| #define PACKAGE_TARNAME "regex"
| #define PACKAGE_VERSION "2.7"
| #define PACKAGE_STRING "regex 2.7"
| #define PACKAGE_BUGREPORT "gnuwin32@users.sourceforge.net"
| #define PACKAGE "regex"
| #define VERSION "2.7"
| #define STDC_HEADERS 1
| #define HAVE_SYS_TYPES_H 1
| #define HAVE_SYS_STAT_H 1
| #define HAVE_STDLIB_H 1
| #define HAVE_STRING_H 1
| #define HAVE_MEMORY_H 1
| #define HAVE_STRINGS_H 1
| #define HAVE_INTTYPES_H 1
| #define HAVE_STDINT_H 1
| #define HAVE_UNISTD_H 1
| #define HAVE_ALLOCA 1
| #define STDC_HEADERS 1
| #define HAVE_FCNTL_H 1
| /* end confdefs.h.  */
| #include <stdio.h>
| #ifdef HAVE_SYS_TYPES_H
| # include <sys/types.h>
| #endif
| #ifdef HAVE_SYS_STAT_H
| # include <sys/stat.h>
| #endif
| #ifdef STDC_HEADERS
| # include <stdlib.h>
| # include <stddef.h>
| #else
| # ifdef HAVE_STDLIB_H
| #  include <stdlib.h>
| # endif
| #endif
| #ifdef HAVE_STRING_H
| # if !defined STDC_HEADERS && defined HAVE_MEMORY_H
| #  include <memory.h>
| # endif
| # include <string.h>
| #endif
| #ifdef HAVE_STRINGS_H
| # include <strings.h>
| #endif
| #ifdef HAVE_INTTYPES_H
| # include <inttypes.h>
| #endif
| #ifdef HAVE_STDINT_H
| # include <stdint.h>
| #endif
| #ifdef HAVE_UNISTD_H
| # include <unistd.h>
| #endif
| #include <langinfo.h>
configure:19921: result: no
configure:19925: checking langinfo.h presence
configure:19940: gcc -E    -D_REGEX_RE_COMP        conftest.c
conftest.c:23:22: langinfo.h: No such file or directory
configure:19946: $? = 1
configure: failed program was:
| /* confdefs.h.  */
| #define PACKAGE_NAME "regex"
| #define PACKAGE_TARNAME "regex"
| #define PACKAGE_VERSION "2.7"
| #define PACKAGE_STRING "regex 2.7"
| #define PACKAGE_BUGREPORT "gnuwin32@users.sourceforge.net"
| #define PACKAGE "regex"
| #define VERSION "2.7"
| #define STDC_HEADERS 1
| #define HAVE_SYS_TYPES_H 1
| #define HAVE_SYS_STAT_H 1
| #define HAVE_STDLIB_H 1
| #define HAVE_STRING_H 1
| #define HAVE_MEMORY_H 1
| #define HAVE_STRINGS_H 1
| #define HAVE_INTTYPES_H 1
| #define HAVE_STDINT_H 1
| #define HAVE_UNISTD_H 1
| #define HAVE_ALLOCA 1
| #define STDC_HEADERS 1
| #define HAVE_FCNTL_H 1
| /* end confdefs.h.  */
| #include <langinfo.h>
configure:19960: result: no
configure:19993: checking for langinfo.h
configure:20001: result: no
configure:19884: checking libintl.h usability
configure:19901: gcc -c  -Wall -Wpointer-arith -Wstrict-prototypes -pedantic -O3 -fms-extensions -mms-bitfields -fno-exceptions -fomit-frame-pointer -march=i386 -ffast-math  -Wstrict-prototypes      -D_REGEX_RE_COMP        conftest.c >&5
conftest.c:56:21: libintl.h: No such file or directory
configure:19907: $? = 1
configure: failed program was:
| /* confdefs.h.  */
| #define PACKAGE_NAME "regex"
| #define PACKAGE_TARNAME "regex"
| #define PACKAGE_VERSION "2.7"
| #define PACKAGE_STRING "regex 2.7"
| #define PACKAGE_BUGREPORT "gnuwin32@users.sourceforge.net"
| #define PACKAGE "regex"
| #define VERSION "2.7"
| #define STDC_HEADERS 1
| #define HAVE_SYS_TYPES_H 1
| #define HAVE_SYS_STAT_H 1
| #define HAVE_STDLIB_H 1
| #define HAVE_STRING_H 1
| #define HAVE_MEMORY_H 1
| #define HAVE_STRINGS_H 1
| #define HAVE_INTTYPES_H 1
| #define HAVE_STDINT_H 1
| #define HAVE_UNISTD_H 1
| #define HAVE_ALLOCA 1
| #define STDC_HEADERS 1
| #define HAVE_FCNTL_H 1
| /* end confdefs.h.  */
| #include <stdio.h>
| #ifdef HAVE_SYS_TYPES_H
| # include <sys/types.h>
| #endif
| #ifdef HAVE_SYS_STAT_H
| # include <sys/stat.h>
| #endif
| #ifdef STDC_HEADERS
| # include <stdlib.h>
| # include <stddef.h>
| #else
| # ifdef HAVE_STDLIB_H
| #  include <stdlib.h>
| # endif
| #endif
| #ifdef HAVE_STRING_H
| # if !defined STDC_HEADERS && defined HAVE_MEMORY_H
| #  include <memory.h>
| # endif
| # include <string.h>
| #endif
| #ifdef HAVE_STRINGS_H
| # include <strings.h>
| #endif
| #ifdef HAVE_INTTYPES_H
| # include <inttypes.h>
| #endif
| #ifdef HAVE_STDINT_H
| # include <stdint.h>
| #endif
| #ifdef HAVE_UNISTD_H
| # include <unistd.h>
| #endif
| #include <libintl.h>
configure:19921: result: no
configure:19925: checking libintl.h presence
configure:19940: gcc -E    -D_REGEX_RE_COMP        conftest.c
conftest.c:23:21: libintl.h: No such file or directory
configure:19946: $? = 1
configure: failed program was:
| /* confdefs.h.  */
| #define PACKAGE_NAME "regex"
| #define PACKAGE_TARNAME "regex"
| #define PACKAGE_VERSION "2.7"
| #define PACKAGE_STRING "regex 2.7"
| #define PACKAGE_BUGREPORT "gnuwin32@users.sourceforge.net"
| #define PACKAGE "regex"
| #define VERSION "2.7"
| #define STDC_HEADERS 1
| #define HAVE_SYS_TYPES_H 1
| #define HAVE_SYS_STAT_H 1
| #define HAVE_STDLIB_H 1
| #define HAVE_STRING_H 1
| #define HAVE_MEMORY_H 1
| #define HAVE_STRINGS_H 1
| #define HAVE_INTTYPES_H 1
| #define HAVE_STDINT_H 1
| #define HAVE_UNISTD_H 1
| #define HAVE_ALLOCA 1
| #define STDC_HEADERS 1
| #define HAVE_FCNTL_H 1
| /* end confdefs.h.  */
| #include <libintl.h>
configure:19960: result: no
configure:19993: checking for libintl.h
configure:20001: result: no
configure:19884: checking limits.h usability
configure:19901: gcc -c  -Wall -Wpointer-arith -Wstrict-prototypes -pedantic -O3 -fms-extensions -mms-bitfields -fno-exceptions -fomit-frame-pointer -march=i386 -ffast-math  -Wstrict-prototypes      -D_REGEX_RE_COMP        conftest.c >&5
configure:19907: $? = 0
configure:19921: result: yes
configure:19925: checking limits.h presence
configure:19940: gcc -E    -D_REGEX_RE_COMP        conftest.c
configure:19946: $? = 0
configure:19960: result: yes
configure:19993: checking for limits.h
configure:20001: result: yes
configure:19884: checking locale.h usability
configure:19901: gcc -c  -Wall -Wpointer-arith -Wstrict-prototypes -pedantic -O3 -fms-extensions -mms-bitfields -fno-exceptions -fomit-frame-pointer -march=i386 -ffast-math  -Wstrict-prototypes      -D_REGEX_RE_COMP        conftest.c >&5
configure:19907: $? = 0
configure:19921: result: yes
configure:19925: checking locale.h presence
configure:19940: gcc -E    -D_REGEX_RE_COMP        conftest.c
configure:19946: $? = 0
configure:19960: result: yes
configure:19993: checking for locale.h
configure:20001: result: yes
configure:19874: checking for stdint.h
configure:19880: result: yes
configure:19874: checking for stdlib.h
configure:19880: result: yes
configure:19874: checking for string.h
configure:19880: result: yes
configure:19874: checking for unistd.h
configure:19880: result: yes
configure:19884: checking wchar.h usability
configure:19901: gcc -c  -Wall -Wpointer-arith -Wstrict-prototypes -pedantic -O3 -fms-extensions -mms-bitfields -fno-exceptions -fomit-frame-pointer -march=i386 -ffast-math  -Wstrict-prototypes      -D_REGEX_RE_COMP        conftest.c >&5
configure:19907: $? = 0
configure:19921: result: yes
configure:19925: checking wchar.h presence
configure:19940: gcc -E    -D_REGEX_RE_COMP        conftest.c
configure:19946: $? = 0
configure:19960: result: yes
configure:19993: checking for wchar.h
configure:20001: result: yes
configure:19884: checking wctype.h usability
configure:19901: gcc -c  -Wall -Wpointer-arith -Wstrict-prototypes -pedantic -O3 -fms-extensions -mms-bitfields -fno-exceptions -fomit-frame-pointer -march=i386 -ffast-math  -Wstrict-prototypes      -D_REGEX_RE_COMP        conftest.c >&5
configure:19907: $? = 0
configure:19921: result: yes
configure:19925: checking wctype.h presence
configure:19940: gcc -E    -D_REGEX_RE_COMP        conftest.c
configure:19946: $? = 0
configure:19960: result: yes
configure:19993: checking for wctype.h
configure:20001: result: yes
configure:20016: checking for stdbool.h that conforms to C99
configure:20109: gcc -c  -Wall -Wpointer-arith -Wstrict-prototypes -pedantic -O3 -fms-extensions -mms-bitfields -fno-exceptions -fomit-frame-pointer -march=i386 -ffast-math  -Wstrict-prototypes      -D_REGEX_RE_COMP        conftest.c >&5
conftest.c:95: warning: function declaration isn't a prototype
configure:20115: $? = 0
configure:20130: result: yes
configure:20132: checking for _Bool
configure:20162: gcc -c  -Wall -Wpointer-arith -Wstrict-prototypes -pedantic -O3 -fms-extensions -mms-bitfields -fno-exceptions -fomit-frame-pointer -march=i386 -ffast-math  -Wstrict-prototypes      -D_REGEX_RE_COMP        conftest.c >&5
conftest.c:67: warning: function declaration isn't a prototype
configure:20168: $? = 0
configure:20183: result: yes
configure:20202: checking for an ANSI C-conforming const
configure:20277: gcc -c  -Wall -Wpointer-arith -Wstrict-prototypes -pedantic -O3 -fms-extensions -mms-bitfields -fno-exceptions -fomit-frame-pointer -march=i386 -ffast-math  -Wstrict-prototypes      -D_REGEX_RE_COMP        conftest.c >&5
conftest.c:36: warning: function declaration isn't a prototype
conftest.c: In function `main':
conftest.c:78: warning: 'b' might be used uninitialized in this function
conftest.c:59: warning: 't' might be used uninitialized in this function
configure:20283: $? = 0
configure:20298: result: yes
configure:20308: checking for inline
configure:20334: gcc -c  -Wall -Wpointer-arith -Wstrict-prototypes -pedantic -O3 -fms-extensions -mms-bitfields -fno-exceptions -fomit-frame-pointer -march=i386 -ffast-math  -Wstrict-prototypes      -D_REGEX_RE_COMP        conftest.c >&5
conftest.c:35: warning: function declaration isn't a prototype
conftest.c:36: warning: function declaration isn't a prototype
configure:20340: $? = 0
configure:20358: result: inline
configure:20378: checking for int32_t
configure:20409: gcc -c  -Wall -Wpointer-arith -Wstrict-prototypes -pedantic -O3 -fms-extensions -mms-bitfields -fno-exceptions -fomit-frame-pointer -march=i386 -ffast-math  -Wstrict-prototypes      -D_REGEX_RE_COMP        conftest.c >&5
conftest.c:68: warning: function declaration isn't a prototype
configure:20415: $? = 0
configure:20444: gcc -c  -Wall -Wpointer-arith -Wstrict-prototypes -pedantic -O3 -fms-extensions -mms-bitfields -fno-exceptions -fomit-frame-pointer -march=i386 -ffast-math  -Wstrict-prototypes      -D_REGEX_RE_COMP        conftest.c >&5
conftest.c:68: warning: function declaration isn't a prototype
conftest.c: In function `main':
conftest.c:70: warning: integer overflow in expression
conftest.c:70: error: size of array `test_array' is negative
configure:20450: $? = 1
configure: failed program was:
| /* confdefs.h.  */
| #define PACKAGE_NAME "regex"
| #define PACKAGE_TARNAME "regex"
| #define PACKAGE_VERSION "2.7"
| #define PACKAGE_STRING "regex 2.7"
| #define PACKAGE_BUGREPORT "gnuwin32@users.sourceforge.net"
| #define PACKAGE "regex"
| #define VERSION "2.7"
| #define STDC_HEADERS 1
| #define HAVE_SYS_TYPES_H 1
| #define HAVE_SYS_STAT_H 1
| #define HAVE_STDLIB_H 1
| #define HAVE_STRING_H 1
| #define HAVE_MEMORY_H 1
| #define HAVE_STRINGS_H 1
| #define HAVE_INTTYPES_H 1
| #define HAVE_STDINT_H 1
| #define HAVE_UNISTD_H 1
| #define HAVE_ALLOCA 1
| #define STDC_HEADERS 1
| #define HAVE_FCNTL_H 1
| #define HAVE_LIMITS_H 1
| #define HAVE_LOCALE_H 1
| #define HAVE_STDINT_H 1
| #define HAVE_STDLIB_H 1
| #define HAVE_STRING_H 1
| #define HAVE_UNISTD_H 1
| #define HAVE_WCHAR_H 1
| #define HAVE_WCTYPE_H 1
| #define HAVE__BOOL 1
| #define HAVE_STDBOOL_H 1
| /* end confdefs.h.  */
| #include <stdio.h>
| #ifdef HAVE_SYS_TYPES_H
| # include <sys/types.h>
| #endif
| #ifdef HAVE_SYS_STAT_H
| # include <sys/stat.h>
| #endif
| #ifdef STDC_HEADERS
| # include <stdlib.h>
| # include <stddef.h>
| #else
| # ifdef HAVE_STDLIB_H
| #  include <stdlib.h>
| # endif
| #endif
| #ifdef HAVE_STRING_H
| # if !defined STDC_HEADERS && defined HAVE_MEMORY_H
| #  include <memory.h>
| # endif
| # include <string.h>
| #endif
| #ifdef HAVE_STRINGS_H
| # include <strings.h>
| #endif
| #ifdef HAVE_INTTYPES_H
| # include <inttypes.h>
| #endif
| #ifdef HAVE_STDINT_H
| # include <stdint.h>
| #endif
| #ifdef HAVE_UNISTD_H
| # include <unistd.h>
| #endif
| int
| main ()
| {
| static int test_array [1 - 2 * !((int32_t) ((((int32_t) 1 << (32 - 2)) - 1) * 2 + 1)
| 	         < (int32_t) ((((int32_t) 1 << (32 - 2)) - 1) * 2 + 2))];
| test_array [0] = 0
| 
|   ;
|   return 0;
| }
configure:20479: result: yes
configure:20491: checking for C/C++ restrict keyword
configure:20527: gcc -c  -Wall -Wpointer-arith -Wstrict-prototypes -pedantic -O3 -fms-extensions -mms-bitfields -fno-exceptions -fomit-frame-pointer -march=i386 -ffast-math  -Wstrict-prototypes      -D_REGEX_RE_COMP        conftest.c >&5
conftest.c:34: error: syntax error before "ip"
conftest.c:34: warning: function declaration isn't a prototype
conftest.c: In function `foo':
conftest.c:35: error: `ip' undeclared (first use in this function)
conftest.c:35: error: (Each undeclared identifier is reported only once
conftest.c:35: error: for each function it appears in.)
conftest.c: At top level:
conftest.c:39: warning: function declaration isn't a prototype
conftest.c: In function `main':
conftest.c:41: warning: ISO C forbids nested functions
conftest.c:41: error: syntax error before "t"
conftest.c:42: error: `t' undeclared (first use in this function)
conftest.c:40: warning: unused variable `s'
configure:20533: $? = 1
configure: failed program was:
| /* confdefs.h.  */
| #define PACKAGE_NAME "regex"
| #define PACKAGE_TARNAME "regex"
| #define PACKAGE_VERSION "2.7"
| #define PACKAGE_STRING "regex 2.7"
| #define PACKAGE_BUGREPORT "gnuwin32@users.sourceforge.net"
| #define PACKAGE "regex"
| #define VERSION "2.7"
| #define STDC_HEADERS 1
| #define HAVE_SYS_TYPES_H 1
| #define HAVE_SYS_STAT_H 1
| #define HAVE_STDLIB_H 1
| #define HAVE_STRING_H 1
| #define HAVE_MEMORY_H 1
| #define HAVE_STRINGS_H 1
| #define HAVE_INTTYPES_H 1
| #define HAVE_STDINT_H 1
| #define HAVE_UNISTD_H 1
| #define HAVE_ALLOCA 1
| #define STDC_HEADERS 1
| #define HAVE_FCNTL_H 1
| #define HAVE_LIMITS_H 1
| #define HAVE_LOCALE_H 1
| #define HAVE_STDINT_H 1
| #define HAVE_STDLIB_H 1
| #define HAVE_STRING_H 1
| #define HAVE_UNISTD_H 1
| #define HAVE_WCHAR_H 1
| #define HAVE_WCTYPE_H 1
| #define HAVE__BOOL 1
| #define HAVE_STDBOOL_H 1
| /* end confdefs.h.  */
| typedef int * int_ptr;
|         int foo (int_ptr restrict ip) {
|         return ip[0];
|        }
| int
| main ()
| {
| int s[1];
|         int * restrict t = s;
|         t[0] = 0;
|         return foo(t)
|   ;
|   return 0;
| }
configure:20527: gcc -c  -Wall -Wpointer-arith -Wstrict-prototypes -pedantic -O3 -fms-extensions -mms-bitfields -fno-exceptions -fomit-frame-pointer -march=i386 -ffast-math  -Wstrict-prototypes      -D_REGEX_RE_COMP        conftest.c >&5
conftest.c:39: warning: function declaration isn't a prototype
configure:20533: $? = 0
configure:20551: result: __restrict
configure:20566: checking for size_t
configure:20596: gcc -c  -Wall -Wpointer-arith -Wstrict-prototypes -pedantic -O3 -fms-extensions -mms-bitfields -fno-exceptions -fomit-frame-pointer -march=i386 -ffast-math  -Wstrict-prototypes      -D_REGEX_RE_COMP        conftest.c >&5
conftest.c:70: warning: function declaration isn't a prototype
configure:20602: $? = 0
configure:20617: result: yes
configure:20629: checking for ssize_t
configure:20659: gcc -c  -Wall -Wpointer-arith -Wstrict-prototypes -pedantic -O3 -fms-extensions -mms-bitfields -fno-exceptions -fomit-frame-pointer -march=i386 -ffast-math  -Wstrict-prototypes      -D_REGEX_RE_COMP        conftest.c >&5
conftest.c:70: warning: function declaration isn't a prototype
configure:20665: $? = 0
configure:20680: result: yes
configure:20693: checking for uint32_t
configure:20724: gcc -c  -Wall -Wpointer-arith -Wstrict-prototypes -pedantic -O3 -fms-extensions -mms-bitfields -fno-exceptions -fomit-frame-pointer -march=i386 -ffast-math  -Wstrict-prototypes      -D_REGEX_RE_COMP        conftest.c >&5
conftest.c:69: warning: function declaration isn't a prototype
configure:20730: $? = 0
configure:20751: result: yes
configure:20770: checking for error_at_line
configure:20796: gcc -o conftest.exe  -Wall -Wpointer-arith -Wstrict-prototypes -pedantic -O3 -fms-extensions -mms-bitfields -fno-exceptions -fomit-frame-pointer -march=i386 -ffast-math  -Wstrict-prototypes      -D_REGEX_RE_COMP         -Wl,-s -Wl,--force-exe-suffix -Wl,--enable-auto-import -Wl,--enable-runtime-pseudo-reloc -Wl,--allow-multiple-definition -Wl,--enable-stdcall-fixup -LD:/Progra~1/GnuWin32/lib    conftest.c  -Wl,-s  -LD:/Progra~1/GnuWin32/lib  -lintl -lwsock32 -lole32 -luuid -lmsvcp60   >&5
conftest.c:34:19: error.h: No such file or directory
conftest.c:37: warning: function declaration isn't a prototype
conftest.c: In function `main':
conftest.c:38: warning: implicit declaration of function `error_at_line'
configure:20802: $? = 1
configure: failed program was:
| /* confdefs.h.  */
| #define PACKAGE_NAME "regex"
| #define PACKAGE_TARNAME "regex"
| #define PACKAGE_VERSION "2.7"
| #define PACKAGE_STRING "regex 2.7"
| #define PACKAGE_BUGREPORT "gnuwin32@users.sourceforge.net"
| #define PACKAGE "regex"
| #define VERSION "2.7"
| #define STDC_HEADERS 1
| #define HAVE_SYS_TYPES_H 1
| #define HAVE_SYS_STAT_H 1
| #define HAVE_STDLIB_H 1
| #define HAVE_STRING_H 1
| #define HAVE_MEMORY_H 1
| #define HAVE_STRINGS_H 1
| #define HAVE_INTTYPES_H 1
| #define HAVE_STDINT_H 1
| #define HAVE_UNISTD_H 1
| #define HAVE_ALLOCA 1
| #define STDC_HEADERS 1
| #define HAVE_FCNTL_H 1
| #define HAVE_LIMITS_H 1
| #define HAVE_LOCALE_H 1
| #define HAVE_STDINT_H 1
| #define HAVE_STDLIB_H 1
| #define HAVE_STRING_H 1
| #define HAVE_UNISTD_H 1
| #define HAVE_WCHAR_H 1
| #define HAVE_WCTYPE_H 1
| #define HAVE__BOOL 1
| #define HAVE_STDBOOL_H 1
| #define restrict __restrict
| /* end confdefs.h.  */
| #include <error.h>
| int
| main ()
| {
| error_at_line (0, 0, "", 0, "an error occurred");
|   ;
|   return 0;
| }
configure:20819: result: no
configure:20835: checking for stdlib.h
configure:20841: result: yes
configure:20975: checking for GNU libc compatible malloc
configure:21009: gcc -o conftest.exe  -Wall -Wpointer-arith -Wstrict-prototypes -pedantic -O3 -fms-extensions -mms-bitfields -fno-exceptions -fomit-frame-pointer -march=i386 -ffast-math  -Wstrict-prototypes      -D_REGEX_RE_COMP         -Wl,-s -Wl,--force-exe-suffix -Wl,--enable-auto-import -Wl,--enable-runtime-pseudo-reloc -Wl,--allow-multiple-definition -Wl,--enable-stdcall-fixup -LD:/Progra~1/GnuWin32/lib    conftest.c  -Wl,-s  -LD:/Progra~1/GnuWin32/lib  -lintl -lwsock32 -lole32 -luuid -lmsvcp60   >&5
conftest.c:43: warning: function declaration isn't a prototype
configure:21012: $? = 0
configure:21018: ./conftest.exe
configure:21021: $? = 0
configure:21037: result: yes
configure:21066: checking whether mbrtowc and mbstate_t are properly declared
configure:21096: gcc -o conftest.exe  -Wall -Wpointer-arith -Wstrict-prototypes -pedantic -O3 -fms-extensions -mms-bitfields -fno-exceptions -fomit-frame-pointer -march=i386 -ffast-math  -Wstrict-prototypes      -D_REGEX_RE_COMP         -Wl,-s -Wl,--force-exe-suffix -Wl,--enable-auto-import -Wl,--enable-runtime-pseudo-reloc -Wl,--allow-multiple-definition -Wl,--enable-stdcall-fixup -LD:/Progra~1/GnuWin32/lib    conftest.c  -Wl,-s  -LD:/Progra~1/GnuWin32/lib  -lintl -lwsock32 -lole32 -luuid -lmsvcp60   >&5
conftest.c:39: warning: function declaration isn't a prototype
configure:21102: $? = 0
configure:21119: result: yes
configure:21129: checking for working memcmp
configure:21182: gcc -o conftest.exe  -Wall -Wpointer-arith -Wstrict-prototypes -pedantic -O3 -fms-extensions -mms-bitfields -fno-exceptions -fomit-frame-pointer -march=i386 -ffast-math  -Wstrict-prototypes      -D_REGEX_RE_COMP         -Wl,-s -Wl,--force-exe-suffix -Wl,--enable-auto-import -Wl,--enable-runtime-pseudo-reloc -Wl,--allow-multiple-definition -Wl,--enable-stdcall-fixup -LD:/Progra~1/GnuWin32/lib    conftest.c  -Wl,-s  -LD:/Progra~1/GnuWin32/lib  -lintl -lwsock32 -lole32 -luuid -lmsvcp60   >&5
conftest.c:72: warning: function declaration isn't a prototype
configure:21185: $? = 0
configure:21191: ./conftest.exe
configure:21194: $? = 0
configure:21210: result: yes
configure:21224: checking for stdlib.h
configure:21230: result: yes
configure:21364: checking for GNU libc compatible realloc
configure:21398: gcc -o conftest.exe  -Wall -Wpointer-arith -Wstrict-prototypes -pedantic -O3 -fms-extensions -mms-bitfields -fno-exceptions -fomit-frame-pointer -march=i386 -ffast-math  -Wstrict-prototypes      -D_REGEX_RE_COMP         -Wl,-s -Wl,--force-exe-suffix -Wl,--enable-auto-import -Wl,--enable-runtime-pseudo-reloc -Wl,--allow-multiple-definition -Wl,--enable-stdcall-fixup -LD:/Progra~1/GnuWin32/lib    conftest.c  -Wl,-s  -LD:/Progra~1/GnuWin32/lib  -lintl -lwsock32 -lole32 -luuid -lmsvcp60   >&5
conftest.c:46: warning: function declaration isn't a prototype
configure:21401: $? = 0
configure:21407: ./conftest.exe
configure:21410: $? = 0
configure:21426: result: yes
configure:21468: checking for clock_gettime
configure:21524: gcc -o conftest.exe  -Wall -Wpointer-arith -Wstrict-prototypes -pedantic -O3 -fms-extensions -mms-bitfields -fno-exceptions -fomit-frame-pointer -march=i386 -ffast-math  -Wstrict-prototypes      -D_REGEX_RE_COMP         -Wl,-s -Wl,--force-exe-suffix -Wl,--enable-auto-import -Wl,--enable-runtime-pseudo-reloc -Wl,--allow-multiple-definition -Wl,--enable-stdcall-fixup -LD:/Progra~1/GnuWin32/lib    conftest.c  -Wl,-s  -LD:/Progra~1/GnuWin32/lib  -lintl -lwsock32 -lole32 -luuid -lmsvcp60   >&5
conftest.c:62: warning: function declaration isn't a prototype
conftest.c:72: warning: function declaration isn't a prototype
l:\TEMP/ccc9aaaa.o:conftest.c:(.text+0x19): undefined reference to `clock_gettime'
collect2: ld returned 1 exit status
configure:21530: $? = 1
configure: failed program was:
| /* confdefs.h.  */
| #define PACKAGE_NAME "regex"
| #define PACKAGE_TARNAME "regex"
| #define PACKAGE_VERSION "2.7"
| #define PACKAGE_STRING "regex 2.7"
| #define PACKAGE_BUGREPORT "gnuwin32@users.sourceforge.net"
| #define PACKAGE "regex"
| #define VERSION "2.7"
| #define STDC_HEADERS 1
| #define HAVE_SYS_TYPES_H 1
| #define HAVE_SYS_STAT_H 1
| #define HAVE_STDLIB_H 1
| #define HAVE_STRING_H 1
| #define HAVE_MEMORY_H 1
| #define HAVE_STRINGS_H 1
| #define HAVE_INTTYPES_H 1
| #define HAVE_STDINT_H 1
| #define HAVE_UNISTD_H 1
| #define HAVE_ALLOCA 1
| #define STDC_HEADERS 1
| #define HAVE_FCNTL_H 1
| #define HAVE_LIMITS_H 1
| #define HAVE_LOCALE_H 1
| #define HAVE_STDINT_H 1
| #define HAVE_STDLIB_H 1
| #define HAVE_STRING_H 1
| #define HAVE_UNISTD_H 1
| #define HAVE_WCHAR_H 1
| #define HAVE_WCTYPE_H 1
| #define HAVE__BOOL 1
| #define HAVE_STDBOOL_H 1
| #define restrict __restrict
| #define HAVE_STDLIB_H 1
| #define HAVE_MALLOC 1
| #define HAVE_MBRTOWC 1
| #define HAVE_STDLIB_H 1
| #define HAVE_REALLOC 1
| /* end confdefs.h.  */
| /* Define clock_gettime to an innocuous variant, in case <limits.h> declares clock_gettime.
|    For example, HP-UX 11i <limits.h> declares gettimeofday.  */
| #define clock_gettime innocuous_clock_gettime
| 
| /* System header to define __stub macros and hopefully few prototypes,
|     which can conflict with char clock_gettime (); below.
|     Prefer <limits.h> to <assert.h> if __STDC__ is defined, since
|     <limits.h> exists even on freestanding compilers.  */
| 
| #ifdef __STDC__
| # include <limits.h>
| #else
| # include <assert.h>
| #endif
| 
| #undef clock_gettime
| 
| /* Override any GCC internal prototype to avoid an error.
|    Use char because int might match the return type of a GCC
|    builtin and then its argument prototype would still apply.  */
| #ifdef __cplusplus
| extern "C"
| #endif
| char clock_gettime ();
| /* The GNU C library defines this for functions which it implements
|     to always fail with ENOSYS.  Some functions are actually named
|     something starting with __ and the normal name is an alias.  */
| #if defined __stub_clock_gettime || defined __stub___clock_gettime
| choke me
| #endif
| 
| int
| main ()
| {
| return clock_gettime ();
|   ;
|   return 0;
| }
configure:21548: result: no
configure:21468: checking for isascii
configure:21524: gcc -o conftest.exe  -Wall -Wpointer-arith -Wstrict-prototypes -pedantic -O3 -fms-extensions -mms-bitfields -fno-exceptions -fomit-frame-pointer -march=i386 -ffast-math  -Wstrict-prototypes      -D_REGEX_RE_COMP         -Wl,-s -Wl,--force-exe-suffix -Wl,--enable-auto-import -Wl,--enable-runtime-pseudo-reloc -Wl,--allow-multiple-definition -Wl,--enable-stdcall-fixup -LD:/Progra~1/GnuWin32/lib    conftest.c  -Wl,-s  -LD:/Progra~1/GnuWin32/lib  -lintl -lwsock32 -lole32 -luuid -lmsvcp60   >&5
conftest.c:62: warning: function declaration isn't a prototype
conftest.c:72: warning: function declaration isn't a prototype
configure:21530: $? = 0
configure:21548: result: yes
configure:21468: checking for memmove
configure:21524: gcc -o conftest.exe  -Wall -Wpointer-arith -Wstrict-prototypes -pedantic -O3 -fms-extensions -mms-bitfields -fno-exceptions -fomit-frame-pointer -march=i386 -ffast-math  -Wstrict-prototypes      -D_REGEX_RE_COMP         -Wl,-s -Wl,--force-exe-suffix -Wl,--enable-auto-import -Wl,--enable-runtime-pseudo-reloc -Wl,--allow-multiple-definition -Wl,--enable-stdcall-fixup -LD:/Progra~1/GnuWin32/lib    conftest.c  -Wl,-s  -LD:/Progra~1/GnuWin32/lib  -lintl -lwsock32 -lole32 -luuid -lmsvcp60   >&5
conftest.c:63: warning: function declaration isn't a prototype
conftest.c:63: warning: conflicting types for built-in function 'memmove'
conftest.c:73: warning: function declaration isn't a prototype
configure:21530: $? = 0
configure:21548: result: yes
configure:21468: checking for memset
configure:21524: gcc -o conftest.exe  -Wall -Wpointer-arith -Wstrict-prototypes -pedantic -O3 -fms-extensions -mms-bitfields -fno-exceptions -fomit-frame-pointer -march=i386 -ffast-math  -Wstrict-prototypes      -D_REGEX_RE_COMP         -Wl,-s -Wl,--force-exe-suffix -Wl,--enable-auto-import -Wl,--enable-runtime-pseudo-reloc -Wl,--allow-multiple-definition -Wl,--enable-stdcall-fixup -LD:/Progra~1/GnuWin32/lib    conftest.c  -Wl,-s  -LD:/Progra~1/GnuWin32/lib  -lintl -lwsock32 -lole32 -luuid -lmsvcp60   >&5
conftest.c:64: warning: function declaration isn't a prototype
conftest.c:64: warning: conflicting types for built-in function 'memset'
conftest.c:74: warning: function declaration isn't a prototype
configure:21530: $? = 0
configure:21548: result: yes
configure:21468: checking for nl_langinfo
configure:21524: gcc -o conftest.exe  -Wall -Wpointer-arith -Wstrict-prototypes -pedantic -O3 -fms-extensions -mms-bitfields -fno-exceptions -fomit-frame-pointer -march=i386 -ffast-math  -Wstrict-prototypes      -D_REGEX_RE_COMP         -Wl,-s -Wl,--force-exe-suffix -Wl,--enable-auto-import -Wl,--enable-runtime-pseudo-reloc -Wl,--allow-multiple-definition -Wl,--enable-stdcall-fixup -LD:/Progra~1/GnuWin32/lib    conftest.c  -Wl,-s  -LD:/Progra~1/GnuWin32/lib  -lintl -lwsock32 -lole32 -luuid -lmsvcp60   >&5
conftest.c:65: warning: function declaration isn't a prototype
conftest.c:75: warning: function declaration isn't a prototype
l:\TEMP/ccmEaaaa.o:conftest.c:(.text+0x19): undefined reference to `nl_langinfo'
collect2: ld returned 1 exit status
configure:21530: $? = 1
configure: failed program was:
| /* confdefs.h.  */
| #define PACKAGE_NAME "regex"
| #define PACKAGE_TARNAME "regex"
| #define PACKAGE_VERSION "2.7"
| #define PACKAGE_STRING "regex 2.7"
| #define PACKAGE_BUGREPORT "gnuwin32@users.sourceforge.net"
| #define PACKAGE "regex"
| #define VERSION "2.7"
| #define STDC_HEADERS 1
| #define HAVE_SYS_TYPES_H 1
| #define HAVE_SYS_STAT_H 1
| #define HAVE_STDLIB_H 1
| #define HAVE_STRING_H 1
| #define HAVE_MEMORY_H 1
| #define HAVE_STRINGS_H 1
| #define HAVE_INTTYPES_H 1
| #define HAVE_STDINT_H 1
| #define HAVE_UNISTD_H 1
| #define HAVE_ALLOCA 1
| #define STDC_HEADERS 1
| #define HAVE_FCNTL_H 1
| #define HAVE_LIMITS_H 1
| #define HAVE_LOCALE_H 1
| #define HAVE_STDINT_H 1
| #define HAVE_STDLIB_H 1
| #define HAVE_STRING_H 1
| #define HAVE_UNISTD_H 1
| #define HAVE_WCHAR_H 1
| #define HAVE_WCTYPE_H 1
| #define HAVE__BOOL 1
| #define HAVE_STDBOOL_H 1
| #define restrict __restrict
| #define HAVE_STDLIB_H 1
| #define HAVE_MALLOC 1
| #define HAVE_MBRTOWC 1
| #define HAVE_STDLIB_H 1
| #define HAVE_REALLOC 1
| #define HAVE_ISASCII 1
| #define HAVE_MEMMOVE 1
| #define HAVE_MEMSET 1
| /* end confdefs.h.  */
| /* Define nl_langinfo to an innocuous variant, in case <limits.h> declares nl_langinfo.
|    For example, HP-UX 11i <limits.h> declares gettimeofday.  */
| #define nl_langinfo innocuous_nl_langinfo
| 
| /* System header to define __stub macros and hopefully few prototypes,
|     which can conflict with char nl_langinfo (); below.
|     Prefer <limits.h> to <assert.h> if __STDC__ is defined, since
|     <limits.h> exists even on freestanding compilers.  */
| 
| #ifdef __STDC__
| # include <limits.h>
| #else
| # include <assert.h>
| #endif
| 
| #undef nl_langinfo
| 
| /* Override any GCC internal prototype to avoid an error.
|    Use char because int might match the return type of a GCC
|    builtin and then its argument prototype would still apply.  */
| #ifdef __cplusplus
| extern "C"
| #endif
| char nl_langinfo ();
| /* The GNU C library defines this for functions which it implements
|     to always fail with ENOSYS.  Some functions are actually named
|     something starting with __ and the normal name is an alias.  */
| #if defined __stub_nl_langinfo || defined __stub___nl_langinfo
| choke me
| #endif
| 
| int
| main ()
| {
| return nl_langinfo ();
|   ;
|   return 0;
| }
configure:21548: result: no
configure:21468: checking for re_comp
configure:21524: gcc -o conftest.exe  -Wall -Wpointer-arith -Wstrict-prototypes -pedantic -O3 -fms-extensions -mms-bitfields -fno-exceptions -fomit-frame-pointer -march=i386 -ffast-math  -Wstrict-prototypes      -D_REGEX_RE_COMP         -Wl,-s -Wl,--force-exe-suffix -Wl,--enable-auto-import -Wl,--enable-runtime-pseudo-reloc -Wl,--allow-multiple-definition -Wl,--enable-stdcall-fixup -LD:/Progra~1/GnuWin32/lib    conftest.c  -Wl,-s  -LD:/Progra~1/GnuWin32/lib  -lintl -lwsock32 -lole32 -luuid -lmsvcp60   >&5
conftest.c:65: warning: function declaration isn't a prototype
conftest.c:75: warning: function declaration isn't a prototype
l:\TEMP/ccKubaaa.o:conftest.c:(.text+0x19): undefined reference to `re_comp'
collect2: ld returned 1 exit status
configure:21530: $? = 1
configure: failed program was:
| /* confdefs.h.  */
| #define PACKAGE_NAME "regex"
| #define PACKAGE_TARNAME "regex"
| #define PACKAGE_VERSION "2.7"
| #define PACKAGE_STRING "regex 2.7"
| #define PACKAGE_BUGREPORT "gnuwin32@users.sourceforge.net"
| #define PACKAGE "regex"
| #define VERSION "2.7"
| #define STDC_HEADERS 1
| #define HAVE_SYS_TYPES_H 1
| #define HAVE_SYS_STAT_H 1
| #define HAVE_STDLIB_H 1
| #define HAVE_STRING_H 1
| #define HAVE_MEMORY_H 1
| #define HAVE_STRINGS_H 1
| #define HAVE_INTTYPES_H 1
| #define HAVE_STDINT_H 1
| #define HAVE_UNISTD_H 1
| #define HAVE_ALLOCA 1
| #define STDC_HEADERS 1
| #define HAVE_FCNTL_H 1
| #define HAVE_LIMITS_H 1
| #define HAVE_LOCALE_H 1
| #define HAVE_STDINT_H 1
| #define HAVE_STDLIB_H 1
| #define HAVE_STRING_H 1
| #define HAVE_UNISTD_H 1
| #define HAVE_WCHAR_H 1
| #define HAVE_WCTYPE_H 1
| #define HAVE__BOOL 1
| #define HAVE_STDBOOL_H 1
| #define restrict __restrict
| #define HAVE_STDLIB_H 1
| #define HAVE_MALLOC 1
| #define HAVE_MBRTOWC 1
| #define HAVE_STDLIB_H 1
| #define HAVE_REALLOC 1
| #define HAVE_ISASCII 1
| #define HAVE_MEMMOVE 1
| #define HAVE_MEMSET 1
| /* end confdefs.h.  */
| /* Define re_comp to an innocuous variant, in case <limits.h> declares re_comp.
|    For example, HP-UX 11i <limits.h> declares gettimeofday.  */
| #define re_comp innocuous_re_comp
| 
| /* System header to define __stub macros and hopefully few prototypes,
|     which can conflict with char re_comp (); below.
|     Prefer <limits.h> to <assert.h> if __STDC__ is defined, since
|     <limits.h> exists even on freestanding compilers.  */
| 
| #ifdef __STDC__
| # include <limits.h>
| #else
| # include <assert.h>
| #endif
| 
| #undef re_comp
| 
| /* Override any GCC internal prototype to avoid an error.
|    Use char because int might match the return type of a GCC
|    builtin and then its argument prototype would still apply.  */
| #ifdef __cplusplus
| extern "C"
| #endif
| char re_comp ();
| /* The GNU C library defines this for functions which it implements
|     to always fail with ENOSYS.  Some functions are actually named
|     something starting with __ and the normal name is an alias.  */
| #if defined __stub_re_comp || defined __stub___re_comp
| choke me
| #endif
| 
| int
| main ()
| {
| return re_comp ();
|   ;
|   return 0;
| }
configure:21548: result: no
configure:21468: checking for regcomp
configure:21524: gcc -o conftest.exe  -Wall -Wpointer-arith -Wstrict-prototypes -pedantic -O3 -fms-extensions -mms-bitfields -fno-exceptions -fomit-frame-pointer -march=i386 -ffast-math  -Wstrict-prototypes      -D_REGEX_RE_COMP         -Wl,-s -Wl,--force-exe-suffix -Wl,--enable-auto-import -Wl,--enable-runtime-pseudo-reloc -Wl,--allow-multiple-definition -Wl,--enable-stdcall-fixup -LD:/Progra~1/GnuWin32/lib    conftest.c  -Wl,-s  -LD:/Progra~1/GnuWin32/lib  -lintl -lwsock32 -lole32 -luuid -lmsvcp60   >&5
conftest.c:65: warning: function declaration isn't a prototype
conftest.c:75: warning: function declaration isn't a prototype
l:\TEMP/ccE7aaaa.o:conftest.c:(.text+0x19): undefined reference to `regcomp'
collect2: ld returned 1 exit status
configure:21530: $? = 1
configure: failed program was:
| /* confdefs.h.  */
| #define PACKAGE_NAME "regex"
| #define PACKAGE_TARNAME "regex"
| #define PACKAGE_VERSION "2.7"
| #define PACKAGE_STRING "regex 2.7"
| #define PACKAGE_BUGREPORT "gnuwin32@users.sourceforge.net"
| #define PACKAGE "regex"
| #define VERSION "2.7"
| #define STDC_HEADERS 1
| #define HAVE_SYS_TYPES_H 1
| #define HAVE_SYS_STAT_H 1
| #define HAVE_STDLIB_H 1
| #define HAVE_STRING_H 1
| #define HAVE_MEMORY_H 1
| #define HAVE_STRINGS_H 1
| #define HAVE_INTTYPES_H 1
| #define HAVE_STDINT_H 1
| #define HAVE_UNISTD_H 1
| #define HAVE_ALLOCA 1
| #define STDC_HEADERS 1
| #define HAVE_FCNTL_H 1
| #define HAVE_LIMITS_H 1
| #define HAVE_LOCALE_H 1
| #define HAVE_STDINT_H 1
| #define HAVE_STDLIB_H 1
| #define HAVE_STRING_H 1
| #define HAVE_UNISTD_H 1
| #define HAVE_WCHAR_H 1
| #define HAVE_WCTYPE_H 1
| #define HAVE__BOOL 1
| #define HAVE_STDBOOL_H 1
| #define restrict __restrict
| #define HAVE_STDLIB_H 1
| #define HAVE_MALLOC 1
| #define HAVE_MBRTOWC 1
| #define HAVE_STDLIB_H 1
| #define HAVE_REALLOC 1
| #define HAVE_ISASCII 1
| #define HAVE_MEMMOVE 1
| #define HAVE_MEMSET 1
| /* end confdefs.h.  */
| /* Define regcomp to an innocuous variant, in case <limits.h> declares regcomp.
|    For example, HP-UX 11i <limits.h> declares gettimeofday.  */
| #define regcomp innocuous_regcomp
| 
| /* System header to define __stub macros and hopefully few prototypes,
|     which can conflict with char regcomp (); below.
|     Prefer <limits.h> to <assert.h> if __STDC__ is defined, since
|     <limits.h> exists even on freestanding compilers.  */
| 
| #ifdef __STDC__
| # include <limits.h>
| #else
| # include <assert.h>
| #endif
| 
| #undef regcomp
| 
| /* Override any GCC internal prototype to avoid an error.
|    Use char because int might match the return type of a GCC
|    builtin and then its argument prototype would still apply.  */
| #ifdef __cplusplus
| extern "C"
| #endif
| char regcomp ();
| /* The GNU C library defines this for functions which it implements
|     to always fail with ENOSYS.  Some functions are actually named
|     something starting with __ and the normal name is an alias.  */
| #if defined __stub_regcomp || defined __stub___regcomp
| choke me
| #endif
| 
| int
| main ()
| {
| return regcomp ();
|   ;
|   return 0;
| }
configure:21548: result: no
configure:21468: checking for setlocale
configure:21524: gcc -o conftest.exe  -Wall -Wpointer-arith -Wstrict-prototypes -pedantic -O3 -fms-extensions -mms-bitfields -fno-exceptions -fomit-frame-pointer -march=i386 -ffast-math  -Wstrict-prototypes      -D_REGEX_RE_COMP         -Wl,-s -Wl,--force-exe-suffix -Wl,--enable-auto-import -Wl,--enable-runtime-pseudo-reloc -Wl,--allow-multiple-definition -Wl,--enable-stdcall-fixup -LD:/Progra~1/GnuWin32/lib    conftest.c  -Wl,-s  -LD:/Progra~1/GnuWin32/lib  -lintl -lwsock32 -lole32 -luuid -lmsvcp60   >&5
conftest.c:65: warning: function declaration isn't a prototype
conftest.c:75: warning: function declaration isn't a prototype
configure:21530: $? = 0
configure:21548: result: yes
configure:21468: checking for stpcpy
configure:21524: gcc -o conftest.exe  -Wall -Wpointer-arith -Wstrict-prototypes -pedantic -O3 -fms-extensions -mms-bitfields -fno-exceptions -fomit-frame-pointer -march=i386 -ffast-math  -Wstrict-prototypes      -D_REGEX_RE_COMP         -Wl,-s -Wl,--force-exe-suffix -Wl,--enable-auto-import -Wl,--enable-runtime-pseudo-reloc -Wl,--allow-multiple-definition -Wl,--enable-stdcall-fixup -LD:/Progra~1/GnuWin32/lib    conftest.c  -Wl,-s  -LD:/Progra~1/GnuWin32/lib  -lintl -lwsock32 -lole32 -luuid -lmsvcp60   >&5
conftest.c:66: warning: function declaration isn't a prototype
conftest.c:66: warning: conflicting types for built-in function 'stpcpy'
conftest.c:76: warning: function declaration isn't a prototype
l:\TEMP/ccqEbaaa.o:conftest.c:(.text+0x19): undefined reference to `stpcpy'
collect2: ld returned 1 exit status
configure:21530: $? = 1
configure: failed program was:
| /* confdefs.h.  */
| #define PACKAGE_NAME "regex"
| #define PACKAGE_TARNAME "regex"
| #define PACKAGE_VERSION "2.7"
| #define PACKAGE_STRING "regex 2.7"
| #define PACKAGE_BUGREPORT "gnuwin32@users.sourceforge.net"
| #define PACKAGE "regex"
| #define VERSION "2.7"
| #define STDC_HEADERS 1
| #define HAVE_SYS_TYPES_H 1
| #define HAVE_SYS_STAT_H 1
| #define HAVE_STDLIB_H 1
| #define HAVE_STRING_H 1
| #define HAVE_MEMORY_H 1
| #define HAVE_STRINGS_H 1
| #define HAVE_INTTYPES_H 1
| #define HAVE_STDINT_H 1
| #define HAVE_UNISTD_H 1
| #define HAVE_ALLOCA 1
| #define STDC_HEADERS 1
| #define HAVE_FCNTL_H 1
| #define HAVE_LIMITS_H 1
| #define HAVE_LOCALE_H 1
| #define HAVE_STDINT_H 1
| #define HAVE_STDLIB_H 1
| #define HAVE_STRING_H 1
| #define HAVE_UNISTD_H 1
| #define HAVE_WCHAR_H 1
| #define HAVE_WCTYPE_H 1
| #define HAVE__BOOL 1
| #define HAVE_STDBOOL_H 1
| #define restrict __restrict
| #define HAVE_STDLIB_H 1
| #define HAVE_MALLOC 1
| #define HAVE_MBRTOWC 1
| #define HAVE_STDLIB_H 1
| #define HAVE_REALLOC 1
| #define HAVE_ISASCII 1
| #define HAVE_MEMMOVE 1
| #define HAVE_MEMSET 1
| #define HAVE_SETLOCALE 1
| /* end confdefs.h.  */
| /* Define stpcpy to an innocuous variant, in case <limits.h> declares stpcpy.
|    For example, HP-UX 11i <limits.h> declares gettimeofday.  */
| #define stpcpy innocuous_stpcpy
| 
| /* System header to define __stub macros and hopefully few prototypes,
|     which can conflict with char stpcpy (); below.
|     Prefer <limits.h> to <assert.h> if __STDC__ is defined, since
|     <limits.h> exists even on freestanding compilers.  */
| 
| #ifdef __STDC__
| # include <limits.h>
| #else
| # include <assert.h>
| #endif
| 
| #undef stpcpy
| 
| /* Override any GCC internal prototype to avoid an error.
|    Use char because int might match the return type of a GCC
|    builtin and then its argument prototype would still apply.  */
| #ifdef __cplusplus
| extern "C"
| #endif
| char stpcpy ();
| /* The GNU C library defines this for functions which it implements
|     to always fail with ENOSYS.  Some functions are actually named
|     something starting with __ and the normal name is an alias.  */
| #if defined __stub_stpcpy || defined __stub___stpcpy
| choke me
| #endif
| 
| int
| main ()
| {
| return stpcpy ();
|   ;
|   return 0;
| }
configure:21548: result: no
configure:21468: checking for strcasecmp
configure:21524: gcc -o conftest.exe  -Wall -Wpointer-arith -Wstrict-prototypes -pedantic -O3 -fms-extensions -mms-bitfields -fno-exceptions -fomit-frame-pointer -march=i386 -ffast-math  -Wstrict-prototypes      -D_REGEX_RE_COMP         -Wl,-s -Wl,--force-exe-suffix -Wl,--enable-auto-import -Wl,--enable-runtime-pseudo-reloc -Wl,--allow-multiple-definition -Wl,--enable-stdcall-fixup -LD:/Progra~1/GnuWin32/lib    conftest.c  -Wl,-s  -LD:/Progra~1/GnuWin32/lib  -lintl -lwsock32 -lole32 -luuid -lmsvcp60   >&5
conftest.c:66: warning: function declaration isn't a prototype
conftest.c:76: warning: function declaration isn't a prototype
configure:21530: $? = 0
configure:21548: result: yes
configure:21468: checking for strchr
configure:21524: gcc -o conftest.exe  -Wall -Wpointer-arith -Wstrict-prototypes -pedantic -O3 -fms-extensions -mms-bitfields -fno-exceptions -fomit-frame-pointer -march=i386 -ffast-math  -Wstrict-prototypes      -D_REGEX_RE_COMP         -Wl,-s -Wl,--force-exe-suffix -Wl,--enable-auto-import -Wl,--enable-runtime-pseudo-reloc -Wl,--allow-multiple-definition -Wl,--enable-stdcall-fixup -LD:/Progra~1/GnuWin32/lib    conftest.c  -Wl,-s  -LD:/Progra~1/GnuWin32/lib  -lintl -lwsock32 -lole32 -luuid -lmsvcp60   >&5
conftest.c:67: warning: function declaration isn't a prototype
conftest.c:67: warning: conflicting types for built-in function 'strchr'
conftest.c:77: warning: function declaration isn't a prototype
configure:21530: $? = 0
configure:21548: result: yes
configure:21683: creating ./config.status

## ---------------------- ##
## Running config.status. ##
## ---------------------- ##

This file was extended by regex config.status 2.7, which was
generated by GNU Autoconf 2.61.  Invocation command line was

  CONFIG_FILES    = 
  CONFIG_HEADERS  = 
  CONFIG_LINKS    = 
  CONFIG_COMMANDS = 
  $ ./config.status 

on gamma

config.status:666: creating Makefile
config.status:666: creating doc/Makefile
config.status:666: creating src/Makefile
config.status:666: creating testsuite/Makefile
config.status:666: creating config.h
config.status:956: executing depfiles commands

## ---------------- ##
## Cache variables. ##
## ---------------- ##

ac_cv_build=i386-pc-mingw32
ac_cv_c_compiler_gnu=yes
ac_cv_c_const=yes
ac_cv_c_inline=inline
ac_cv_c_int32_t=yes
ac_cv_c_restrict=__restrict
ac_cv_c_uint32_t=yes
ac_cv_cxx_compiler_gnu=yes
ac_cv_env_CCC_set=
ac_cv_env_CCC_value=
ac_cv_env_CC_set=
ac_cv_env_CC_value=
ac_cv_env_CFLAGS_set=
ac_cv_env_CFLAGS_value=
ac_cv_env_CPPFLAGS_set=
ac_cv_env_CPPFLAGS_value=
ac_cv_env_CPP_set=
ac_cv_env_CPP_value=
ac_cv_env_CXXCPP_set=
ac_cv_env_CXXCPP_value=
ac_cv_env_CXXFLAGS_set=
ac_cv_env_CXXFLAGS_value=
ac_cv_env_CXX_set=
ac_cv_env_CXX_value=
ac_cv_env_F77_set=
ac_cv_env_F77_value=
ac_cv_env_FFLAGS_set=
ac_cv_env_FFLAGS_value=
ac_cv_env_LDFLAGS_set=
ac_cv_env_LDFLAGS_value=
ac_cv_env_LIBS_set=
ac_cv_env_LIBS_value=
ac_cv_env_build_alias_set=
ac_cv_env_build_alias_value=
ac_cv_env_host_alias_set=
ac_cv_env_host_alias_value=
ac_cv_env_target_alias_set=
ac_cv_env_target_alias_value=
ac_cv_exeext=.exe
ac_cv_f77_compiler_gnu=yes
ac_cv_func_alloca_works=yes
ac_cv_func_clock_gettime=no
ac_cv_func_connect=yes
ac_cv_func_fchdir=no
ac_cv_func_fork=no
ac_cv_func_ftruncate=yes
ac_cv_func_gethostbyaddr=yes
ac_cv_func_gethostbyname=yes
ac_cv_func_gethostname=yes
ac_cv_func_inet_ntoa=yes
ac_cv_func_isascii=yes
ac_cv_func_malloc_0_nonnull=yes
ac_cv_func_mbrtowc=yes
ac_cv_func_memcmp_working=yes
ac_cv_func_memmove=yes
ac_cv_func_memset=yes
ac_cv_func_nl_langinfo=no
ac_cv_func_re_comp=no
ac_cv_func_realloc_0_nonnull=yes
ac_cv_func_regcomp=no
ac_cv_func_setlocale=yes
ac_cv_func_stpcpy=no
ac_cv_func_strcasecmp=yes
ac_cv_func_strchr=yes
ac_cv_func_vfork=no
ac_cv_func_working_mktime=yes
ac_cv_have_decl_optarg=yes
ac_cv_have_decl_optind=yes
ac_cv_header_dlfcn_h=no
ac_cv_header_fcntl_h=yes
ac_cv_header_inttypes_h=yes
ac_cv_header_langinfo_h=no
ac_cv_header_libintl_h=no
ac_cv_header_limits_h=yes
ac_cv_header_locale_h=yes
ac_cv_header_memory_h=yes
ac_cv_header_stdbool_h=yes
ac_cv_header_stdc=yes
ac_cv_header_stdint_h=yes
ac_cv_header_stdlib_h=yes
ac_cv_header_string_h=yes
ac_cv_header_strings_h=yes
ac_cv_header_sys_stat_h=yes
ac_cv_header_sys_types_h=yes
ac_cv_header_unistd_h=yes
ac_cv_header_wchar_h=yes
ac_cv_header_wctype_h=yes
ac_cv_host=i386-pc-mingw32
ac_cv_lib_c_main=no
ac_cv_lib_error_at_line=no
ac_cv_objext=o
ac_cv_path_EGREP='/usr/bin/grep -E'
ac_cv_path_GREP=/usr/bin/grep
ac_cv_path_mkdir=/usr/bin/mkdir
ac_cv_prog_AWK=gawk
ac_cv_prog_CPP='gcc -E'
ac_cv_prog_CXXCPP='g++ -E'
ac_cv_prog_LN_S='cp -fp'
ac_cv_prog_ac_ct_AR=ar
ac_cv_prog_ac_ct_CC=gcc
ac_cv_prog_ac_ct_F77=g77
ac_cv_prog_ac_ct_RANLIB=ranlib
ac_cv_prog_ac_ct_STRIP=strip
ac_cv_prog_cc_c89=
ac_cv_prog_cc_g=yes
ac_cv_prog_cxx_g=yes
ac_cv_prog_f77_g=yes
ac_cv_prog_make_make_set=yes
ac_cv_sys_file_offset_bits=64
ac_cv_sys_large_files=1
ac_cv_sys_largefile_source=1
ac_cv_type__Bool=yes
ac_cv_type_size_t=yes
ac_cv_type_ssize_t=yes
ac_cv_var_tzname=yes
ac_cv_working_alloca_h=no
am_cv_CC_dependencies_compiler_type=gcc3
am_cv_CXX_dependencies_compiler_type=gcc3
cl_cv_prog_LN='cp -fp'
cl_cv_prog_LN_S='cp -fp'
gl_cv_func_chown_follows_symlink=yes
gl_cv_func_getcwd_null=yes
lt_cv_deplibs_check_method='file_magic ^x86 archive import|^x86 DLL'
lt_cv_file_magic_cmd=func_win32_libid
lt_cv_file_magic_test_file=
lt_cv_ld_reload_flag=-r
lt_cv_objdir=.libs
lt_cv_path_LD=ld
lt_cv_path_LDCXX=ld
lt_cv_path_NM=nm
lt_cv_path_SED=/usr/bin/sed
lt_cv_prog_compiler_c_o=yes
lt_cv_prog_compiler_c_o_CXX=yes
lt_cv_prog_compiler_c_o_F77=yes
lt_cv_prog_compiler_rtti_exceptions=no
lt_cv_prog_gnu_ld=yes
lt_cv_prog_gnu_ldcxx=yes
lt_cv_sys_global_symbol_pipe='sed -n -e '\''s/^.*[ 	]\([ABCDGIRSTW][ABCDGIRSTW]*\)[ 	][ 	]*_\([_A-Za-z][_A-Za-z0-9]*\)\{0,1\}$/\1 _\2 \2/p'\'''
lt_cv_sys_global_symbol_to_c_name_address='sed -n -e '\''s/^: \([^ ]*\) $/  {\"\1\", (lt_ptr) 0},/p'\'' -e '\''s/^[BCDEGRST] \([^ ]*\) \([^ ]*\)$/  {"\2", (lt_ptr) \&\2},/p'\'''
lt_cv_sys_global_symbol_to_cdecl='sed -n -e '\''s/^. .* \(.*\)$/extern int \1;/p'\'''
lt_cv_sys_max_cmd_len=8192
lt_lt_cv_prog_compiler_c_o='"yes"'
lt_lt_cv_prog_compiler_c_o_CXX='"yes"'
lt_lt_cv_prog_compiler_c_o_F77='"yes"'
lt_lt_cv_sys_global_symbol_pipe='"sed -n -e '\''s/^.*[ 	]\\([ABCDGIRSTW][ABCDGIRSTW]*\\)[ 	][ 	]*_\\([_A-Za-z][_A-Za-z0-9]*\\)\\{0,1\\}\$/\\1 _\\2 \\2/p'\''"'
lt_lt_cv_sys_global_symbol_to_c_name_address='"sed -n -e '\''s/^: \\([^ ]*\\) \$/  {\\\"\\1\\\", (lt_ptr) 0},/p'\'' -e '\''s/^[BCDEGRST] \\([^ ]*\\) \\([^ ]*\\)\$/  {\"\\2\", (lt_ptr) \\&\\2},/p'\''"'
lt_lt_cv_sys_global_symbol_to_cdecl='"sed -n -e '\''s/^. .* \\(.*\\)\$/extern int \\1;/p'\''"'
nls_cv_use_gnu_gettext=no

## ----------------- ##
## Output variables. ##
## ----------------- ##

ACLOCAL='${SHELL} /cygdrive/j/Devel/regex/2.7/regex-2.7-src/missing --run aclocal-1.10'
ALLOCA=''
AMDEPBACKSLASH='\'
AMDEP_FALSE='#'
AMDEP_TRUE=''
AMTAR='${SHELL} /cygdrive/j/Devel/regex/2.7/regex-2.7-src/missing --run tar'
AR='ar'
AUTOCONF='${SHELL} /cygdrive/j/Devel/regex/2.7/regex-2.7-src/missing --run autoconf'
AUTOHEADER='${SHELL} /cygdrive/j/Devel/regex/2.7/regex-2.7-src/missing --run autoheader'
AUTOMAKE='${SHELL} /cygdrive/j/Devel/regex/2.7/regex-2.7-src/missing --run automake-1.10'
AWK='gawk'
CC='gcc'
CCDEPMODE='depmode=gcc3'
CFLAGS=' -Wall -Wpointer-arith -Wstrict-prototypes -pedantic -O3 -fms-extensions -mms-bitfields -fno-exceptions -fomit-frame-pointer -march=i386 -ffast-math  -Wstrict-prototypes  '
CPP='gcc -E'
CPPFLAGS='   -D_REGEX_RE_COMP       '
CXX='g++'
CXXCPP='g++ -E'
CXXDEPMODE='depmode=gcc3'
CXXFLAGS=' -Wall -Wpointer-arith -Wstrict-prototypes -pedantic -O3 -fms-extensions -mms-bitfields -fno-exceptions -fomit-frame-pointer -march=i386 -ffast-math  -fconserve-space -fno-rtti -D__STDC_LIMIT_MACROS  '
CYGPATH_W='cygpath -w'
DEFS='-DHAVE_CONFIG_H'
DEPDIR='.deps'
ECHO='echo'
ECHO_C=''
ECHO_N='-n'
ECHO_T=''
EGREP='/usr/bin/grep -E'
EXEEXT='.exe'
F77='g77'
FFLAGS='-g -O2'
GREP='/usr/bin/grep'
INSTALL_DATA='/bin/install.exe -cp'
INSTALL_PROGRAM='/bin/install.exe -cp'
INSTALL_SCRIPT='${INSTALL}'
INSTALL_STRIP_PROGRAM='$(install_sh) -c -s'
LDFLAGS=' -Wl,-s -Wl,--force-exe-suffix -Wl,--enable-auto-import -Wl,--enable-runtime-pseudo-reloc -Wl,--allow-multiple-definition -Wl,--enable-stdcall-fixup -LD:/Progra~1/GnuWin32/lib   '
LIBOBJS=' ${LIBOBJDIR}error$U.o'
LIBS=' -Wl,-s  -LD:/Progra~1/GnuWin32/lib  -lintl -lwsock32 -lole32 -luuid -lmsvcp60  '
LIBTOOL='$(SHELL) $(top_builddir)/libtool'
LN_S='ln -s'
LTLIBOBJS=' ${LIBOBJDIR}error$U.lo'
MAKEINFO='${SHELL} /cygdrive/j/Devel/regex/2.7/regex-2.7-src/missing --run makeinfo'
OBJEXT='o'
PACKAGE='regex'
PACKAGE_BUGREPORT='gnuwin32@users.sourceforge.net'
PACKAGE_NAME='regex'
PACKAGE_STRING='regex 2.7'
PACKAGE_TARNAME='regex'
PACKAGE_VERSION='2.7'
PATH_SEPARATOR=':'
RANLIB='ranlib'
SED='/usr/bin/sed'
SET_MAKE=''
SHELL='/bin/sh'
STRIP='strip'
VERSION='2.7'
ac_ct_CC='gcc'
ac_ct_CXX=''
ac_ct_F77='g77'
am__fastdepCC_FALSE='#'
am__fastdepCC_TRUE=''
am__fastdepCXX_FALSE='#'
am__fastdepCXX_TRUE=''
am__include='include'
am__isrc=' -I$(srcdir)'
am__leading_dot='.'
am__quote=''
am__tar='${AMTAR} chof - "$$tardir"'
am__untar='${AMTAR} xf -'
bindir='${exec_prefix}/bin'
build='i386-pc-mingw32'
build_alias='i386-pc-mingw32'
build_cpu='i386'
build_os='mingw32'
build_vendor='pc'
datadir='${datarootdir}'
datarootdir='${prefix}/share'
docdir='${datarootdir}/doc/${PACKAGE_TARNAME}'
dvidir='${docdir}'
exec_prefix='${prefix}'
host='i386-pc-mingw32'
host_alias='i386-pc-mingw32'
host_cpu='i386'
host_os='mingw32'
host_vendor='pc'
htmldir='${docdir}'
includedir='${prefix}/include'
infodir='${datarootdir}/info'
install_sh='$(SHELL) /cygdrive/j/Devel/regex/2.7/regex-2.7-src/install-sh'
libdir='${exec_prefix}/lib'
libexecdir='${exec_prefix}/libexec'
localedir='${datarootdir}/locale'
localstatedir='${prefix}/var'
mandir='${datarootdir}/man'
mkdir_p='/usr/bin/mkdir -p'
oldincludedir='/usr/include'
pdfdir='${docdir}'
prefix='c:/progra~1/Regex'
program_transform_name='s&$$&&;s&^&&;s/i386-pc-mingw32//'
psdir='${docdir}'
sbindir='${exec_prefix}/sbin'
sharedstatedir='${prefix}/com'
sysconfdir='${prefix}/etc'
target_alias='i386-pc-mingw32'

## ----------- ##
## confdefs.h. ##
## ----------- ##

#define PACKAGE_NAME "regex"
#define PACKAGE_TARNAME "regex"
#define PACKAGE_VERSION "2.7"
#define PACKAGE_STRING "regex 2.7"
#define PACKAGE_BUGREPORT "gnuwin32@users.sourceforge.net"
#define PACKAGE "regex"
#define VERSION "2.7"
#define STDC_HEADERS 1
#define HAVE_SYS_TYPES_H 1
#define HAVE_SYS_STAT_H 1
#define HAVE_STDLIB_H 1
#define HAVE_STRING_H 1
#define HAVE_MEMORY_H 1
#define HAVE_STRINGS_H 1
#define HAVE_INTTYPES_H 1
#define HAVE_STDINT_H 1
#define HAVE_UNISTD_H 1
#define HAVE_ALLOCA 1
#define STDC_HEADERS 1
#define HAVE_FCNTL_H 1
#define HAVE_LIMITS_H 1
#define HAVE_LOCALE_H 1
#define HAVE_STDINT_H 1
#define HAVE_STDLIB_H 1
#define HAVE_STRING_H 1
#define HAVE_UNISTD_H 1
#define HAVE_WCHAR_H 1
#define HAVE_WCTYPE_H 1
#define HAVE__BOOL 1
#define HAVE_STDBOOL_H 1
#define restrict __restrict
#define HAVE_STDLIB_H 1
#define HAVE_MALLOC 1
#define HAVE_MBRTOWC 1
#define HAVE_STDLIB_H 1
#define HAVE_REALLOC 1
#define HAVE_ISASCII 1
#define HAVE_MEMMOVE 1
#define HAVE_MEMSET 1
#define HAVE_SETLOCALE 1
#define HAVE_STRCASECMP 1
#define HAVE_STRCHR 1

configure: exit 0

## ---------------------- ##
## Running config.status. ##
## ---------------------- ##

This file was extended by regex config.status 2.7, which was
generated by GNU Autoconf 2.61.  Invocation command line was

  CONFIG_FILES    = 
  CONFIG_HEADERS  = 
  CONFIG_LINKS    = 
  CONFIG_COMMANDS = 
  $ ./config.status Makefile

on gamma

config.status:666: creating Makefile

## ---------------------- ##
## Running config.status. ##
## ---------------------- ##

This file was extended by regex config.status 2.7, which was
generated by GNU Autoconf 2.61.  Invocation command line was

  CONFIG_FILES    = 
  CONFIG_HEADERS  = 
  CONFIG_LINKS    = 
  CONFIG_COMMANDS = 
  $ ./config.status doc/Makefile

on gamma

config.status:666: creating doc/Makefile

## ---------------------- ##
## Running config.status. ##
## ---------------------- ##

This file was extended by regex config.status 2.7, which was
generated by GNU Autoconf 2.61.  Invocation command line was

  CONFIG_FILES    = 
  CONFIG_HEADERS  = 
  CONFIG_LINKS    = 
  CONFIG_COMMANDS = 
  $ ./config.status src/Makefile depfiles

on gamma

config.status:666: creating src/Makefile
config.status:956: executing depfiles commands

## ---------------------- ##
## Running config.status. ##
## ---------------------- ##

This file was extended by regex config.status 2.7, which was
generated by GNU Autoconf 2.61.  Invocation command line was

  CONFIG_FILES    = 
  CONFIG_HEADERS  = 
  CONFIG_LINKS    = 
  CONFIG_COMMANDS = 
  $ ./config.status testsuite/Makefile depfiles

on gamma

config.status:666: creating testsuite/Makefile
config.status:956: executing depfiles commands
